2022-05-17 19:23:14.827  INFO 95066 --- [main] c.c.c.ConfigServicePropertySourceLocator : Fetching config from server at : http://localhost:8286
2022-05-17 19:23:15.709 DEBUG 95066 --- [main] o.s.web.client.RestTemplate              : HTTP GET http://localhost:8286/component-processing/default
2022-05-17 19:23:17.103 DEBUG 95066 --- [main] o.s.web.client.RestTemplate              : Accept=[application/json, application/*+json]
2022-05-17 19:23:17.428 DEBUG 95066 --- [main] o.s.web.client.RestTemplate              : Response 404 NOT_FOUND
2022-05-17 19:23:17.514  WARN 95066 --- [main] c.c.c.ConfigServicePropertySourceLocator : Could not locate PropertySource: None of labels [] found
2022-05-17 19:23:17.815  INFO 95066 --- [main] d.r.c.s.ComponentProcessorServiceTest    : No active profile set, falling back to 1 default profile: "default"
2022-05-17 19:23:17.933 DEBUG 95066 --- [main] o.s.w.c.s.GenericWebApplicationContext   : Refreshing org.springframework.web.context.support.GenericWebApplicationContext@725f1346
2022-05-17 19:23:30.305  INFO 95050 --- [main] c.c.c.ConfigServicePropertySourceLocator : Fetching config from server at : http://localhost:8286
2022-05-17 19:23:30.708 DEBUG 95050 --- [main] o.s.web.client.RestTemplate              : HTTP GET http://localhost:8286/component-processing/default
2022-05-17 19:23:31.908 DEBUG 95050 --- [main] o.s.web.client.RestTemplate              : Accept=[application/json, application/*+json]
2022-05-17 19:23:32.167 DEBUG 95050 --- [main] o.s.web.client.RestTemplate              : Response 404 NOT_FOUND
2022-05-17 19:23:32.243  WARN 95050 --- [main] c.c.c.ConfigServicePropertySourceLocator : Could not locate PropertySource: None of labels [] found
2022-05-17 19:23:32.363  INFO 95050 --- [main] c.u.ComponentProcessingDefaultValuesTest : No active profile set, falling back to 1 default profile: "default"
2022-05-17 19:23:32.469 DEBUG 95050 --- [main] o.s.w.c.s.GenericWebApplicationContext   : Refreshing org.springframework.web.context.support.GenericWebApplicationContext@55b12c21
2022-05-17 19:23:35.690  INFO 95066 --- [main] .s.d.r.c.RepositoryConfigurationDelegate : Bootstrapping Spring Data JPA repositories in DEFAULT mode.
2022-05-17 19:23:36.688  INFO 95066 --- [main] .s.d.r.c.RepositoryConfigurationDelegate : Finished Spring Data repository scanning in 841 ms. Found 1 JPA repository interfaces.
2022-05-17 19:23:42.893  INFO 95066 --- [main] o.s.cloud.context.scope.GenericScope     : BeanFactory id=b1f8689e-d484-30c2-889a-eacfd540e84b
2022-05-17 19:23:50.586  INFO 95050 --- [main] .s.d.r.c.RepositoryConfigurationDelegate : Bootstrapping Spring Data JPA repositories in DEFAULT mode.
2022-05-17 19:23:51.767  INFO 95050 --- [main] .s.d.r.c.RepositoryConfigurationDelegate : Finished Spring Data repository scanning in 1043 ms. Found 1 JPA repository interfaces.
2022-05-17 19:23:56.857  INFO 95066 --- [main] com.zaxxer.hikari.HikariDataSource       : HikariPool-1 - Starting...
2022-05-17 19:23:56.937  INFO 95050 --- [main] o.s.cloud.context.scope.GenericScope     : BeanFactory id=b1f8689e-d484-30c2-889a-eacfd540e84b
2022-05-17 19:24:00.110  INFO 95066 --- [main] com.zaxxer.hikari.HikariDataSource       : HikariPool-1 - Start completed.
2022-05-17 19:24:09.072  INFO 95050 --- [main] com.zaxxer.hikari.HikariDataSource       : HikariPool-1 - Starting...
2022-05-17 19:24:13.036  INFO 95050 --- [main] com.zaxxer.hikari.HikariDataSource       : HikariPool-1 - Start completed.
2022-05-17 19:24:16.142  INFO 95066 --- [main] j.LocalContainerEntityManagerFactoryBean : Initialized JPA EntityManagerFactory for persistence unit 'default'
2022-05-17 19:24:18.988  WARN 95066 --- [main] JpaBaseConfiguration$JpaWebConfiguration : spring.jpa.open-in-view is enabled by default. Therefore, database queries may be performed during view rendering. Explicitly configure spring.jpa.open-in-view to disable this warning
2022-05-17 19:24:19.953  INFO 95066 --- [main] o.s.b.a.h2.H2ConsoleAutoConfiguration    : H2 console available at '/h2-console'. Database available at 'jdbc:h2:mem:return_order_management'
2022-05-17 19:24:23.253  INFO 95050 --- [main] j.LocalContainerEntityManagerFactoryBean : Initialized JPA EntityManagerFactory for persistence unit 'default'
2022-05-17 19:24:25.494  WARN 95050 --- [main] JpaBaseConfiguration$JpaWebConfiguration : spring.jpa.open-in-view is enabled by default. Therefore, database queries may be performed during view rendering. Explicitly configure spring.jpa.open-in-view to disable this warning
2022-05-17 19:24:26.466  INFO 95050 --- [main] o.s.b.a.h2.H2ConsoleAutoConfiguration    : H2 console available at '/h2-console'. Database available at 'jdbc:h2:mem:return_order_management'
2022-05-17 19:24:34.053 DEBUG 95066 --- [main] s.w.s.m.m.a.RequestMappingHandlerMapping : 13 mappings in 'requestMappingHandlerMapping'
2022-05-17 19:24:41.162 DEBUG 95066 --- [main] s.w.s.m.m.a.RequestMappingHandlerAdapter : ControllerAdvice beans: 0 @ModelAttribute, 0 @InitBinder, 1 RequestBodyAdvice, 1 ResponseBodyAdvice
2022-05-17 19:24:41.256 DEBUG 95050 --- [main] s.w.s.m.m.a.RequestMappingHandlerMapping : 13 mappings in 'requestMappingHandlerMapping'
2022-05-17 19:24:42.714 DEBUG 95066 --- [main] o.s.w.s.handler.SimpleUrlHandlerMapping  : Patterns [/swagger-ui/] in 'viewControllerHandlerMapping'
2022-05-17 19:24:43.374 DEBUG 95066 --- [main] o.s.w.s.handler.SimpleUrlHandlerMapping  : Patterns [/webjars/**, /**, /swagger-ui/**] in 'resourceHandlerMapping'
2022-05-17 19:24:43.844 DEBUG 95066 --- [main] .m.m.a.ExceptionHandlerExceptionResolver : ControllerAdvice beans: 0 @ExceptionHandler, 1 ResponseBodyAdvice
2022-05-17 19:24:48.887 DEBUG 95050 --- [main] s.w.s.m.m.a.RequestMappingHandlerAdapter : ControllerAdvice beans: 0 @ModelAttribute, 0 @InitBinder, 1 RequestBodyAdvice, 1 ResponseBodyAdvice
2022-05-17 19:24:50.055 DEBUG 95050 --- [main] o.s.w.s.handler.SimpleUrlHandlerMapping  : Patterns [/swagger-ui/] in 'viewControllerHandlerMapping'
2022-05-17 19:24:50.672 DEBUG 95050 --- [main] o.s.w.s.handler.SimpleUrlHandlerMapping  : Patterns [/webjars/**, /**, /swagger-ui/**] in 'resourceHandlerMapping'
2022-05-17 19:24:50.820 DEBUG 95050 --- [main] .m.m.a.ExceptionHandlerExceptionResolver : ControllerAdvice beans: 0 @ExceptionHandler, 1 ResponseBodyAdvice
2022-05-17 19:24:51.893  INFO 95066 --- [main] DiscoveryClientOptionalArgsConfiguration : Eureka HTTP Client uses RestTemplate.
2022-05-17 19:24:53.877  WARN 95066 --- [main] iguration$LoadBalancerCaffeineWarnLogger : Spring Cloud LoadBalancer is currently working with the default cache. While this cache implementation is useful for development and tests, it's recommended to use Caffeine cache in production.You can switch to using Caffeine cache, by adding it and org.springframework.cache.caffeine.CaffeineCacheManager to the classpath.
2022-05-17 19:24:54.411  INFO 95066 --- [main] o.s.c.n.eureka.InstanceInfoFactory       : Setting initial instance status as: STARTING
2022-05-17 19:24:55.132  INFO 95050 --- [main] DiscoveryClientOptionalArgsConfiguration : Eureka HTTP Client uses RestTemplate.
2022-05-17 19:24:56.056  INFO 95066 --- [main] com.netflix.discovery.DiscoveryClient    : Initializing Eureka in region us-east-1
2022-05-17 19:24:56.160  INFO 95066 --- [main] c.n.d.s.r.aws.ConfigClusterResolver      : Resolving eureka endpoints via configuration
2022-05-17 19:24:56.868  INFO 95066 --- [main] com.netflix.discovery.DiscoveryClient    : Disable delta property : false
2022-05-17 19:24:56.874  INFO 95066 --- [main] com.netflix.discovery.DiscoveryClient    : Single vip registry refresh property : null
2022-05-17 19:24:56.876  INFO 95066 --- [main] com.netflix.discovery.DiscoveryClient    : Force full registry fetch : false
2022-05-17 19:24:56.881  INFO 95066 --- [main] com.netflix.discovery.DiscoveryClient    : Application is null : false
2022-05-17 19:24:56.888  INFO 95066 --- [main] com.netflix.discovery.DiscoveryClient    : Registered Applications size is zero : true
2022-05-17 19:24:56.890  INFO 95066 --- [main] com.netflix.discovery.DiscoveryClient    : Application version is -1: true
2022-05-17 19:24:56.895  INFO 95066 --- [main] com.netflix.discovery.DiscoveryClient    : Getting all instance registry info from the eureka server
2022-05-17 19:24:57.336  WARN 95050 --- [main] iguration$LoadBalancerCaffeineWarnLogger : Spring Cloud LoadBalancer is currently working with the default cache. While this cache implementation is useful for development and tests, it's recommended to use Caffeine cache in production.You can switch to using Caffeine cache, by adding it and org.springframework.cache.caffeine.CaffeineCacheManager to the classpath.
2022-05-17 19:24:58.291  INFO 95050 --- [main] o.s.c.n.eureka.InstanceInfoFactory       : Setting initial instance status as: STARTING
2022-05-17 19:24:59.425  INFO 95050 --- [main] com.netflix.discovery.DiscoveryClient    : Initializing Eureka in region us-east-1
2022-05-17 19:24:59.466  INFO 95050 --- [main] c.n.d.s.r.aws.ConfigClusterResolver      : Resolving eureka endpoints via configuration
2022-05-17 19:24:59.843  INFO 95050 --- [main] com.netflix.discovery.DiscoveryClient    : Disable delta property : false
2022-05-17 19:24:59.845  INFO 95050 --- [main] com.netflix.discovery.DiscoveryClient    : Single vip registry refresh property : null
2022-05-17 19:24:59.849  INFO 95050 --- [main] com.netflix.discovery.DiscoveryClient    : Force full registry fetch : false
2022-05-17 19:24:59.856  INFO 95050 --- [main] com.netflix.discovery.DiscoveryClient    : Application is null : false
2022-05-17 19:24:59.863  INFO 95050 --- [main] com.netflix.discovery.DiscoveryClient    : Registered Applications size is zero : true
2022-05-17 19:24:59.867  INFO 95050 --- [main] com.netflix.discovery.DiscoveryClient    : Application version is -1: true
2022-05-17 19:24:59.873  INFO 95050 --- [main] com.netflix.discovery.DiscoveryClient    : Getting all instance registry info from the eureka server
2022-05-17 19:25:00.142 DEBUG 95066 --- [main] o.s.web.client.RestTemplate              : HTTP GET http://localhost:8761/eureka/apps/
2022-05-17 19:25:01.784 DEBUG 95050 --- [main] o.s.web.client.RestTemplate              : HTTP GET http://localhost:8761/eureka/apps/
2022-05-17 19:25:02.847 DEBUG 95050 --- [main] o.s.web.client.RestTemplate              : Accept=[application/json, application/*+json]
2022-05-17 19:25:03.008 DEBUG 95066 --- [main] o.s.web.client.RestTemplate              : Accept=[application/json, application/*+json]
2022-05-17 19:25:03.544 DEBUG 95050 --- [main] o.s.web.client.RestTemplate              : Response 200 OK
2022-05-17 19:25:03.580 DEBUG 95050 --- [main] o.s.web.client.RestTemplate              : Reading to [org.springframework.cloud.netflix.eureka.http.EurekaApplications]
2022-05-17 19:25:03.811  INFO 95050 --- [main] com.netflix.discovery.DiscoveryClient    : The response status is 200
2022-05-17 19:25:03.846 DEBUG 95066 --- [main] o.s.web.client.RestTemplate              : Response 200 OK
2022-05-17 19:25:03.862  INFO 95050 --- [main] com.netflix.discovery.DiscoveryClient    : Starting heartbeat executor: renew interval is: 30
2022-05-17 19:25:03.866 DEBUG 95066 --- [main] o.s.web.client.RestTemplate              : Reading to [org.springframework.cloud.netflix.eureka.http.EurekaApplications]
2022-05-17 19:25:03.888  INFO 95050 --- [main] c.n.discovery.InstanceInfoReplicator     : InstanceInfoReplicator onDemand update allowed rate per min is 4
2022-05-17 19:25:03.947  INFO 95050 --- [main] com.netflix.discovery.DiscoveryClient    : Discovery Client initialized at timestamp 1652795703932 with initial instances count: 5
2022-05-17 19:25:03.990  INFO 95050 --- [main] o.s.c.n.e.s.EurekaServiceRegistry        : Registering application COMPONENT-PROCESSING with eureka with status UP
2022-05-17 19:25:03.999  INFO 95050 --- [main] com.netflix.discovery.DiscoveryClient    : Saw local status change event StatusChangeEvent [timestamp=1652795703999, current=UP, previous=STARTING]
2022-05-17 19:25:04.027  INFO 95050 --- [DiscoveryClient-InstanceInfoReplicator-0] com.netflix.discovery.DiscoveryClient    : DiscoveryClient_COMPONENT-PROCESSING/192.168.0.100:component-processing:8081: registering service...
2022-05-17 19:25:04.130 DEBUG 95050 --- [DiscoveryClient-InstanceInfoReplicator-0] o.s.web.client.RestTemplate              : HTTP POST http://localhost:8761/eureka/apps/COMPONENT-PROCESSING
2022-05-17 19:25:04.149  INFO 95066 --- [main] com.netflix.discovery.DiscoveryClient    : The response status is 200
2022-05-17 19:25:04.161 DEBUG 95050 --- [DiscoveryClient-InstanceInfoReplicator-0] o.s.web.client.RestTemplate              : Accept=[application/json, application/*+json]
2022-05-17 19:25:04.230  INFO 95066 --- [main] com.netflix.discovery.DiscoveryClient    : Starting heartbeat executor: renew interval is: 30
2022-05-17 19:25:04.295  INFO 95066 --- [main] c.n.discovery.InstanceInfoReplicator     : InstanceInfoReplicator onDemand update allowed rate per min is 4
2022-05-17 19:25:04.396  INFO 95066 --- [main] com.netflix.discovery.DiscoveryClient    : Discovery Client initialized at timestamp 1652795704379 with initial instances count: 5
2022-05-17 19:25:04.472  INFO 95066 --- [main] o.s.c.n.e.s.EurekaServiceRegistry        : Registering application COMPONENT-PROCESSING with eureka with status UP
2022-05-17 19:25:04.478  INFO 95066 --- [main] com.netflix.discovery.DiscoveryClient    : Saw local status change event StatusChangeEvent [timestamp=1652795704478, current=UP, previous=STARTING]
2022-05-17 19:25:04.512  INFO 95066 --- [DiscoveryClient-InstanceInfoReplicator-0] com.netflix.discovery.DiscoveryClient    : DiscoveryClient_COMPONENT-PROCESSING/192.168.0.100:component-processing:8081: registering service...
2022-05-17 19:25:04.553 DEBUG 95050 --- [DiscoveryClient-InstanceInfoReplicator-0] o.s.web.client.RestTemplate              : Writing [InstanceInfo [instanceId = 192.168.0.100:component-processing:8081, appName = COMPONENT-PROCESSING, hostName = 192.168.0.100, status = UP, ipAddr = 192.168.0.100, port = 8081, securePort = 443, dataCenterInfo = com.netflix.appinfo.MyDataCenterInfo@28d55425] as "application/json"
2022-05-17 19:25:04.712 DEBUG 95066 --- [DiscoveryClient-InstanceInfoReplicator-0] o.s.web.client.RestTemplate              : HTTP POST http://localhost:8761/eureka/apps/COMPONENT-PROCESSING
2022-05-17 19:25:04.746 DEBUG 95066 --- [DiscoveryClient-InstanceInfoReplicator-0] o.s.web.client.RestTemplate              : Accept=[application/json, application/*+json]
2022-05-17 19:25:04.955 DEBUG 95050 --- [DiscoveryClient-InstanceInfoReplicator-0] o.s.web.client.RestTemplate              : Response 204 NO_CONTENT
2022-05-17 19:25:04.958  INFO 95050 --- [DiscoveryClient-InstanceInfoReplicator-0] com.netflix.discovery.DiscoveryClient    : DiscoveryClient_COMPONENT-PROCESSING/192.168.0.100:component-processing:8081 - registration status: 204
2022-05-17 19:25:05.234 DEBUG 95066 --- [DiscoveryClient-InstanceInfoReplicator-0] o.s.web.client.RestTemplate              : Writing [InstanceInfo [instanceId = 192.168.0.100:component-processing:8081, appName = COMPONENT-PROCESSING, hostName = 192.168.0.100, status = UP, ipAddr = 192.168.0.100, port = 8081, securePort = 443, dataCenterInfo = com.netflix.appinfo.MyDataCenterInfo@2199250a] as "application/json"
2022-05-17 19:25:05.697 DEBUG 95066 --- [DiscoveryClient-InstanceInfoReplicator-0] o.s.web.client.RestTemplate              : Response 204 NO_CONTENT
2022-05-17 19:25:05.708  INFO 95066 --- [DiscoveryClient-InstanceInfoReplicator-0] com.netflix.discovery.DiscoveryClient    : DiscoveryClient_COMPONENT-PROCESSING/192.168.0.100:component-processing:8081 - registration status: 204
2022-05-17 19:25:09.070  INFO 95050 --- [main] c.u.ComponentProcessingDefaultValuesTest : Started ComponentProcessingDefaultValuesTest in 116.683 seconds (JVM running for 159.293)
2022-05-17 19:25:10.329  INFO 95050 --- [main] .b.t.c.SpringBootTestContextBootstrapper : Neither @ContextConfiguration nor @ContextHierarchy found for test class [dev.ritam.component_processing.util.ComponentProcessorDefaultValuesTest], using SpringBootContextLoader
2022-05-17 19:25:10.336  INFO 95050 --- [main] o.s.t.c.support.AbstractContextLoader    : Could not detect default resource locations for test class [dev.ritam.component_processing.util.ComponentProcessorDefaultValuesTest]: no resource found for suffixes {-context.xml, Context.groovy}.
2022-05-17 19:25:10.339  INFO 95050 --- [main] t.c.s.AnnotationConfigContextLoaderUtils : Could not detect default configuration classes for test class [dev.ritam.component_processing.util.ComponentProcessorDefaultValuesTest]: ComponentProcessorDefaultValuesTest does not declare any static, non-private, non-final, nested classes annotated with @Configuration.
2022-05-17 19:25:10.349  INFO 95050 --- [main] .b.t.c.SpringBootTestContextBootstrapper : Found @SpringBootConfiguration dev.ritam.component_processing.ComponentProcessingApplication for test class dev.ritam.component_processing.util.ComponentProcessorDefaultValuesTest
2022-05-17 19:25:10.351  INFO 95066 --- [main] d.r.c.s.ComponentProcessorServiceTest    : Started ComponentProcessorServiceTest in 134.673 seconds (JVM running for 160.541)
2022-05-17 19:25:10.386  INFO 95050 --- [main] .b.t.c.SpringBootTestContextBootstrapper : Loaded default TestExecutionListener class names from location [META-INF/spring.factories]: [org.springframework.boot.test.mock.mockito.MockitoTestExecutionListener, org.springframework.boot.test.mock.mockito.ResetMocksTestExecutionListener, org.springframework.boot.test.autoconfigure.restdocs.RestDocsTestExecutionListener, org.springframework.boot.test.autoconfigure.web.client.MockRestServiceServerResetTestExecutionListener, org.springframework.boot.test.autoconfigure.web.servlet.MockMvcPrintOnlyOnFailureTestExecutionListener, org.springframework.boot.test.autoconfigure.web.servlet.WebDriverTestExecutionListener, org.springframework.boot.test.autoconfigure.webservices.client.MockWebServiceServerTestExecutionListener, org.springframework.test.context.web.ServletTestExecutionListener, org.springframework.test.context.support.DirtiesContextBeforeModesTestExecutionListener, org.springframework.test.context.event.ApplicationEventsTestExecutionListener, org.springframework.test.context.support.DependencyInjectionTestExecutionListener, org.springframework.test.context.support.DirtiesContextTestExecutionListener, org.springframework.test.context.transaction.TransactionalTestExecutionListener, org.springframework.test.context.jdbc.SqlScriptsTestExecutionListener, org.springframework.test.context.event.EventPublishingTestExecutionListener]
2022-05-17 19:25:10.388  INFO 95050 --- [main] .b.t.c.SpringBootTestContextBootstrapper : Using TestExecutionListeners: [org.springframework.test.context.web.ServletTestExecutionListener@2a863a8e, org.springframework.test.context.support.DirtiesContextBeforeModesTestExecutionListener@139e4eb0, org.springframework.test.context.event.ApplicationEventsTestExecutionListener@49b6cbde, org.springframework.boot.test.mock.mockito.MockitoTestExecutionListener@1e2e3aab, org.springframework.boot.test.autoconfigure.SpringBootDependencyInjectionTestExecutionListener@56731aa, org.springframework.test.context.support.DirtiesContextTestExecutionListener@64ed0478, org.springframework.test.context.transaction.TransactionalTestExecutionListener@1b7acb00, org.springframework.test.context.jdbc.SqlScriptsTestExecutionListener@746e41a6, org.springframework.test.context.event.EventPublishingTestExecutionListener@4838c4e0, org.springframework.boot.test.mock.mockito.ResetMocksTestExecutionListener@447ad75b, org.springframework.boot.test.autoconfigure.restdocs.RestDocsTestExecutionListener@915361f, org.springframework.boot.test.autoconfigure.web.client.MockRestServiceServerResetTestExecutionListener@f7025ea, org.springframework.boot.test.autoconfigure.web.servlet.MockMvcPrintOnlyOnFailureTestExecutionListener@161ff20, org.springframework.boot.test.autoconfigure.web.servlet.WebDriverTestExecutionListener@13333058, org.springframework.boot.test.autoconfigure.webservices.client.MockWebServiceServerTestExecutionListener@333649ef]
2022-05-17 19:25:10.484  INFO 95050 --- [main] .b.t.c.SpringBootTestContextBootstrapper : Neither @ContextConfiguration nor @ContextHierarchy found for test class [dev.ritam.component_processing.client.PackagingAndDeliveryClientTest], using SpringBootContextLoader
2022-05-17 19:25:10.493  INFO 95050 --- [main] o.s.t.c.support.AbstractContextLoader    : Could not detect default resource locations for test class [dev.ritam.component_processing.client.PackagingAndDeliveryClientTest]: no resource found for suffixes {-context.xml, Context.groovy}.
2022-05-17 19:25:10.498  INFO 95050 --- [main] t.c.s.AnnotationConfigContextLoaderUtils : Could not detect default configuration classes for test class [dev.ritam.component_processing.client.PackagingAndDeliveryClientTest]: PackagingAndDeliveryClientTest does not declare any static, non-private, non-final, nested classes annotated with @Configuration.
2022-05-17 19:25:10.581  INFO 95050 --- [main] .b.t.c.SpringBootTestContextBootstrapper : Found @SpringBootConfiguration dev.ritam.component_processing.ComponentProcessingApplication for test class dev.ritam.component_processing.client.PackagingAndDeliveryClientTest
2022-05-17 19:25:10.596  INFO 95050 --- [main] .b.t.c.SpringBootTestContextBootstrapper : Loaded default TestExecutionListener class names from location [META-INF/spring.factories]: [org.springframework.boot.test.mock.mockito.MockitoTestExecutionListener, org.springframework.boot.test.mock.mockito.ResetMocksTestExecutionListener, org.springframework.boot.test.autoconfigure.restdocs.RestDocsTestExecutionListener, org.springframework.boot.test.autoconfigure.web.client.MockRestServiceServerResetTestExecutionListener, org.springframework.boot.test.autoconfigure.web.servlet.MockMvcPrintOnlyOnFailureTestExecutionListener, org.springframework.boot.test.autoconfigure.web.servlet.WebDriverTestExecutionListener, org.springframework.boot.test.autoconfigure.webservices.client.MockWebServiceServerTestExecutionListener, org.springframework.test.context.web.ServletTestExecutionListener, org.springframework.test.context.support.DirtiesContextBeforeModesTestExecutionListener, org.springframework.test.context.event.ApplicationEventsTestExecutionListener, org.springframework.test.context.support.DependencyInjectionTestExecutionListener, org.springframework.test.context.support.DirtiesContextTestExecutionListener, org.springframework.test.context.transaction.TransactionalTestExecutionListener, org.springframework.test.context.jdbc.SqlScriptsTestExecutionListener, org.springframework.test.context.event.EventPublishingTestExecutionListener]
2022-05-17 19:25:10.603  INFO 95050 --- [main] .b.t.c.SpringBootTestContextBootstrapper : Using TestExecutionListeners: [org.springframework.test.context.web.ServletTestExecutionListener@21905f99, org.springframework.test.context.support.DirtiesContextBeforeModesTestExecutionListener@2fb08598, org.springframework.test.context.event.ApplicationEventsTestExecutionListener@60ec4fd6, org.springframework.boot.test.mock.mockito.MockitoTestExecutionListener@2da1679e, org.springframework.boot.test.autoconfigure.SpringBootDependencyInjectionTestExecutionListener@e6e9924, org.springframework.test.context.support.DirtiesContextTestExecutionListener@25d95134, org.springframework.test.context.transaction.TransactionalTestExecutionListener@27c928a6, org.springframework.test.context.jdbc.SqlScriptsTestExecutionListener@1722656, org.springframework.test.context.event.EventPublishingTestExecutionListener@7b2f38e5, org.springframework.boot.test.mock.mockito.ResetMocksTestExecutionListener@14108645, org.springframework.boot.test.autoconfigure.restdocs.RestDocsTestExecutionListener@7af20079, org.springframework.boot.test.autoconfigure.web.client.MockRestServiceServerResetTestExecutionListener@6a22c9e7, org.springframework.boot.test.autoconfigure.web.servlet.MockMvcPrintOnlyOnFailureTestExecutionListener@68483c56, org.springframework.boot.test.autoconfigure.web.servlet.WebDriverTestExecutionListener@787aadb4, org.springframework.boot.test.autoconfigure.webservices.client.MockWebServiceServerTestExecutionListener@12e18b0a]
2022-05-17 19:25:11.567 DEBUG 95050 --- [SpringApplicationShutdownHook] o.s.w.c.s.GenericWebApplicationContext   : Closing org.springframework.web.context.support.GenericWebApplicationContext@55b12c21, started on Tue May 17 19:23:32 IST 2022, parent: org.springframework.context.annotation.AnnotationConfigApplicationContext@41caf01
2022-05-17 19:25:11.610  INFO 95050 --- [SpringApplicationShutdownHook] o.s.c.n.e.s.EurekaServiceRegistry        : Unregistering application COMPONENT-PROCESSING with eureka with status DOWN
2022-05-17 19:25:11.641  INFO 95050 --- [SpringApplicationShutdownHook] com.netflix.discovery.DiscoveryClient    : Saw local status change event StatusChangeEvent [timestamp=1652795711641, current=DOWN, previous=UP]
2022-05-17 19:25:11.645  INFO 95050 --- [DiscoveryClient-InstanceInfoReplicator-0] com.netflix.discovery.DiscoveryClient    : DiscoveryClient_COMPONENT-PROCESSING/192.168.0.100:component-processing:8081: registering service...
2022-05-17 19:25:11.648 DEBUG 95050 --- [DiscoveryClient-InstanceInfoReplicator-0] o.s.web.client.RestTemplate              : HTTP POST http://localhost:8761/eureka/apps/COMPONENT-PROCESSING
2022-05-17 19:25:11.684 DEBUG 95050 --- [DiscoveryClient-InstanceInfoReplicator-0] o.s.web.client.RestTemplate              : Accept=[application/json, application/*+json]
2022-05-17 19:25:11.697 DEBUG 95050 --- [DiscoveryClient-InstanceInfoReplicator-0] o.s.web.client.RestTemplate              : Writing [InstanceInfo [instanceId = 192.168.0.100:component-processing:8081, appName = COMPONENT-PROCESSING, hostName = 192.168.0.100, status = DOWN, ipAddr = 192.168.0.100, port = 8081, securePort = 443, dataCenterInfo = com.netflix.appinfo.MyDataCenterInfo@28d55425] as "application/json"
2022-05-17 19:25:11.818 DEBUG 95050 --- [DiscoveryClient-InstanceInfoReplicator-0] o.s.web.client.RestTemplate              : Response 204 NO_CONTENT
2022-05-17 19:25:11.819  INFO 95050 --- [DiscoveryClient-InstanceInfoReplicator-0] com.netflix.discovery.DiscoveryClient    : DiscoveryClient_COMPONENT-PROCESSING/192.168.0.100:component-processing:8081 - registration status: 204
2022-05-17 19:25:12.172  INFO 95050 --- [SpringApplicationShutdownHook] j.LocalContainerEntityManagerFactoryBean : Closing JPA EntityManagerFactory for persistence unit 'default'
2022-05-17 19:25:13.868  INFO 95050 --- [SpringApplicationShutdownHook] com.zaxxer.hikari.HikariDataSource       : HikariPool-1 - Shutdown initiated...
2022-05-17 19:25:13.940  INFO 95050 --- [SpringApplicationShutdownHook] com.zaxxer.hikari.HikariDataSource       : HikariPool-1 - Shutdown completed.
2022-05-17 19:25:13.958  INFO 95050 --- [SpringApplicationShutdownHook] com.netflix.discovery.DiscoveryClient    : Shutting down DiscoveryClient ...
2022-05-17 19:25:16.006  INFO 95066 --- [main] d.r.c.s.ComponentProcessingService       : ComponentProcessingService processDetail(ProcessRequest processRequest) : process request ProcessRequest(name=Ritam, contactNumber=9876543210, componentType=accessory, componentName=Shifter, quantity=2) produced response ProcessResponse(requestId=ce2948ba-e6ff-4c10-8245-41fde4e18f3a, processingCharge=300, packagingAndDeliveryCharge=300, dateOfDelivery=2022-05-19)
2022-05-17 19:25:16.278 ERROR 95066 --- [main] d.r.c.s.ComponentProcessingService       : ComponentProcessingService processDetail(ProcessRequest processRequest) : Packaging and Delivery microservice failed with status : 200 OK
2022-05-17 19:25:16.283 ERROR 95066 --- [main] d.r.c.s.ComponentProcessingService       : ComponentProcessingService processDetail(ProcessRequest processRequest) : Packaging and Delivery microservice failed with message : ComponentProcessingService processDetail(ProcessRequest processRequest) : Packaging and Delivery microservice failed with status : 200 OK
2022-05-17 19:25:16.374 ERROR 95066 --- [main] d.r.c.s.ComponentProcessingService       : ComponentProcessingService processDetail(ProcessRequest processRequest) : Packaging and Delivery microservice failed with message : mock error
2022-05-17 19:25:16.427  INFO 95066 --- [main] d.r.c.s.ComponentProcessingService       : ComponentProcessingService processDetail(ProcessRequest processRequest) : process request ProcessRequest(name=Ritam, contactNumber=9876543210, componentType=integral-item, componentName=Shifter, quantity=2) produced response ProcessResponse(requestId=6b6f9afc-7462-4a23-b773-1204df35ad21, processingCharge=500, packagingAndDeliveryCharge=300, dateOfDelivery=2022-05-22)
2022-05-17 19:25:16.516 ERROR 95066 --- [main] d.r.c.s.ComponentProcessingService       : ComponentProcessingService processDetail(ProcessRequest processRequest) : Packaging and Delivery microservice failed with status : 400 BAD_REQUEST
2022-05-17 19:25:16.518 ERROR 95066 --- [main] d.r.c.s.ComponentProcessingService       : ComponentProcessingService processDetail(ProcessRequest processRequest) : Packaging and Delivery microservice failed with message : ComponentProcessingService processDetail(ProcessRequest processRequest) : Packaging and Delivery microservice failed with status : 400 BAD_REQUEST
2022-05-17 19:25:16.557 ERROR 95066 --- [main] d.r.c.s.ComponentProcessingService       : ComponentProcessingService processDetail(ProcessRequest processRequest) : Packaging and Delivery microservice failed with message : null
2022-05-17 19:25:16.670 DEBUG 95066 --- [SpringApplicationShutdownHook] o.s.w.c.s.GenericWebApplicationContext   : Closing org.springframework.web.context.support.GenericWebApplicationContext@725f1346, started on Tue May 17 19:23:17 IST 2022, parent: org.springframework.context.annotation.AnnotationConfigApplicationContext@77d0a492
2022-05-17 19:25:16.703  INFO 95066 --- [SpringApplicationShutdownHook] o.s.c.n.e.s.EurekaServiceRegistry        : Unregistering application COMPONENT-PROCESSING with eureka with status DOWN
2022-05-17 19:25:16.704  INFO 95066 --- [SpringApplicationShutdownHook] com.netflix.discovery.DiscoveryClient    : Saw local status change event StatusChangeEvent [timestamp=1652795716704, current=DOWN, previous=UP]
2022-05-17 19:25:16.706  INFO 95066 --- [DiscoveryClient-InstanceInfoReplicator-0] com.netflix.discovery.DiscoveryClient    : DiscoveryClient_COMPONENT-PROCESSING/192.168.0.100:component-processing:8081: registering service...
2022-05-17 19:25:16.727 DEBUG 95066 --- [DiscoveryClient-InstanceInfoReplicator-0] o.s.web.client.RestTemplate              : HTTP POST http://localhost:8761/eureka/apps/COMPONENT-PROCESSING
2022-05-17 19:25:16.736 DEBUG 95066 --- [DiscoveryClient-InstanceInfoReplicator-0] o.s.web.client.RestTemplate              : Accept=[application/json, application/*+json]
2022-05-17 19:25:16.751 DEBUG 95066 --- [DiscoveryClient-InstanceInfoReplicator-0] o.s.web.client.RestTemplate              : Writing [InstanceInfo [instanceId = 192.168.0.100:component-processing:8081, appName = COMPONENT-PROCESSING, hostName = 192.168.0.100, status = DOWN, ipAddr = 192.168.0.100, port = 8081, securePort = 443, dataCenterInfo = com.netflix.appinfo.MyDataCenterInfo@2199250a] as "application/json"
2022-05-17 19:25:16.803 DEBUG 95066 --- [DiscoveryClient-InstanceInfoReplicator-0] o.s.web.client.RestTemplate              : Response 204 NO_CONTENT
2022-05-17 19:25:16.812  INFO 95066 --- [DiscoveryClient-InstanceInfoReplicator-0] com.netflix.discovery.DiscoveryClient    : DiscoveryClient_COMPONENT-PROCESSING/192.168.0.100:component-processing:8081 - registration status: 204
2022-05-17 19:25:16.898  INFO 95066 --- [SpringApplicationShutdownHook] j.LocalContainerEntityManagerFactoryBean : Closing JPA EntityManagerFactory for persistence unit 'default'
2022-05-17 19:25:17.018  INFO 95050 --- [SpringApplicationShutdownHook] com.netflix.discovery.DiscoveryClient    : Unregistering ...
2022-05-17 19:25:17.054 DEBUG 95050 --- [SpringApplicationShutdownHook] o.s.web.client.RestTemplate              : HTTP DELETE http://localhost:8761/eureka/apps/COMPONENT-PROCESSING/192.168.0.100:component-processing:8081
2022-05-17 19:25:17.075 DEBUG 95050 --- [SpringApplicationShutdownHook] o.s.web.client.RestTemplate              : Accept=[application/json, application/*+json]
2022-05-17 19:25:17.117 DEBUG 95050 --- [SpringApplicationShutdownHook] o.s.web.client.RestTemplate              : Response 200 OK
2022-05-17 19:25:17.140  INFO 95050 --- [SpringApplicationShutdownHook] com.netflix.discovery.DiscoveryClient    : DiscoveryClient_COMPONENT-PROCESSING/192.168.0.100:component-processing:8081 - deregister  status: 200
2022-05-17 19:25:17.296  INFO 95050 --- [SpringApplicationShutdownHook] com.netflix.discovery.DiscoveryClient    : Completed shut down of DiscoveryClient
2022-05-17 19:25:18.215  INFO 95066 --- [SpringApplicationShutdownHook] com.zaxxer.hikari.HikariDataSource       : HikariPool-1 - Shutdown initiated...
2022-05-17 19:25:18.254  INFO 95066 --- [SpringApplicationShutdownHook] com.zaxxer.hikari.HikariDataSource       : HikariPool-1 - Shutdown completed.
2022-05-17 19:25:18.258  INFO 95066 --- [SpringApplicationShutdownHook] com.netflix.discovery.DiscoveryClient    : Shutting down DiscoveryClient ...
2022-05-17 19:25:21.276  INFO 95066 --- [SpringApplicationShutdownHook] com.netflix.discovery.DiscoveryClient    : Unregistering ...
2022-05-17 19:25:21.284 DEBUG 95066 --- [SpringApplicationShutdownHook] o.s.web.client.RestTemplate              : HTTP DELETE http://localhost:8761/eureka/apps/COMPONENT-PROCESSING/192.168.0.100:component-processing:8081
2022-05-17 19:25:21.294 DEBUG 95066 --- [SpringApplicationShutdownHook] o.s.web.client.RestTemplate              : Accept=[application/json, application/*+json]
2022-05-17 19:25:21.318 DEBUG 95066 --- [SpringApplicationShutdownHook] o.s.web.client.RestTemplate              : Response 404 NOT_FOUND
2022-05-17 19:25:21.323  INFO 95066 --- [SpringApplicationShutdownHook] com.netflix.discovery.DiscoveryClient    : DiscoveryClient_COMPONENT-PROCESSING/192.168.0.100:component-processing:8081 - deregister  status: 404
2022-05-17 19:25:21.480  INFO 95066 --- [SpringApplicationShutdownHook] com.netflix.discovery.DiscoveryClient    : Completed shut down of DiscoveryClient
