2022-06-18 16:27:48.796  WARN 100480 --- [main] c.c.c.ConfigServicePropertySourceLocator : Could not locate PropertySource: Invalid URL: ${CONFIG_SERVER_URL}
2022-06-18 16:27:48.978  INFO 100480 --- [main] d.r.p.s.PackagingAndDeliveryServiceTest  : No active profile set, falling back to 1 default profile: "default"
2022-06-18 16:27:49.121 DEBUG 100480 --- [main] o.s.w.c.s.GenericWebApplicationContext   : Refreshing org.springframework.web.context.support.GenericWebApplicationContext@48acb864
2022-06-18 16:28:05.855  INFO 100480 --- [main] o.s.cloud.context.scope.GenericScope     : BeanFactory id=5f4cf285-8723-3c71-82c0-fb5218a0f96c
2022-06-18 16:28:19.401 DEBUG 100480 --- [main] s.w.s.m.m.a.RequestMappingHandlerAdapter : ControllerAdvice beans: 0 @ModelAttribute, 0 @InitBinder, 1 RequestBodyAdvice, 1 ResponseBodyAdvice
2022-06-18 16:28:20.331 DEBUG 100480 --- [main] s.w.s.m.m.a.RequestMappingHandlerMapping : 8 mappings in 'requestMappingHandlerMapping'
2022-06-18 16:28:24.948 DEBUG 100480 --- [main] o.s.w.s.handler.SimpleUrlHandlerMapping  : Patterns [/webjars/**, /**, /swagger-ui*/**] in 'resourceHandlerMapping'
2022-06-18 16:28:25.064 DEBUG 100480 --- [main] .m.m.a.ExceptionHandlerExceptionResolver : ControllerAdvice beans: 1 @ExceptionHandler, 1 ResponseBodyAdvice
2022-06-18 16:28:31.684  INFO 100480 --- [main] DiscoveryClientOptionalArgsConfiguration : Eureka HTTP Client uses RestTemplate.
2022-06-18 16:28:32.626  WARN 100480 --- [main] iguration$LoadBalancerCaffeineWarnLogger : Spring Cloud LoadBalancer is currently working with the default cache. While this cache implementation is useful for development and tests, it's recommended to use Caffeine cache in production.You can switch to using Caffeine cache, by adding it and org.springframework.cache.caffeine.CaffeineCacheManager to the classpath.
2022-06-18 16:28:32.720  INFO 100480 --- [main] o.s.b.a.e.web.EndpointLinksResolver      : Exposing 17 endpoint(s) beneath base path '/actuator'
2022-06-18 16:28:33.315  INFO 100480 --- [main] o.s.c.n.eureka.InstanceInfoFactory       : Setting initial instance status as: STARTING
2022-06-18 16:28:34.770  INFO 100480 --- [main] com.netflix.discovery.DiscoveryClient    : Initializing Eureka in region us-east-1
2022-06-18 16:28:34.851  INFO 100480 --- [main] c.n.d.s.r.aws.ConfigClusterResolver      : Resolving eureka endpoints via configuration
2022-06-18 16:28:35.631  INFO 100480 --- [main] com.netflix.discovery.DiscoveryClient    : Disable delta property : false
2022-06-18 16:28:35.640  INFO 100480 --- [main] com.netflix.discovery.DiscoveryClient    : Single vip registry refresh property : null
2022-06-18 16:28:35.640  INFO 100480 --- [main] com.netflix.discovery.DiscoveryClient    : Force full registry fetch : false
2022-06-18 16:28:35.641  INFO 100480 --- [main] com.netflix.discovery.DiscoveryClient    : Application is null : false
2022-06-18 16:28:35.647  INFO 100480 --- [main] com.netflix.discovery.DiscoveryClient    : Registered Applications size is zero : true
2022-06-18 16:28:35.656  INFO 100480 --- [main] com.netflix.discovery.DiscoveryClient    : Application version is -1: true
2022-06-18 16:28:35.667  INFO 100480 --- [main] com.netflix.discovery.DiscoveryClient    : Getting all instance registry info from the eureka server
2022-06-18 16:28:40.877 DEBUG 100480 --- [main] o.s.web.client.RestTemplate              : HTTP GET http://localhost:8761/eureka/apps/
2022-06-18 16:28:43.866 DEBUG 100480 --- [main] o.s.web.client.RestTemplate              : Accept=[application/json, application/*+json]
2022-06-18 16:28:44.636 DEBUG 100480 --- [main] o.s.web.client.RestTemplate              : Response 200 OK
2022-06-18 16:28:44.668 DEBUG 100480 --- [main] o.s.web.client.RestTemplate              : Reading to [org.springframework.cloud.netflix.eureka.http.EurekaApplications]
2022-06-18 16:28:45.388  INFO 100480 --- [main] com.netflix.discovery.DiscoveryClient    : The response status is 200
2022-06-18 16:28:45.505  INFO 100480 --- [main] com.netflix.discovery.DiscoveryClient    : Starting heartbeat executor: renew interval is: 30
2022-06-18 16:28:45.566  INFO 100480 --- [main] c.n.discovery.InstanceInfoReplicator     : InstanceInfoReplicator onDemand update allowed rate per min is 4
2022-06-18 16:28:45.727  INFO 100480 --- [main] com.netflix.discovery.DiscoveryClient    : Discovery Client initialized at timestamp 1655549925701 with initial instances count: 2
2022-06-18 16:28:46.021  INFO 100480 --- [main] o.s.c.n.e.s.EurekaServiceRegistry        : Registering application PACKAGING-AND-DELIVERY with eureka with status UP
2022-06-18 16:28:46.103  INFO 100480 --- [main] com.netflix.discovery.DiscoveryClient    : Saw local status change event StatusChangeEvent [timestamp=1655549926103, current=UP, previous=STARTING]
2022-06-18 16:28:46.196  INFO 100480 --- [DiscoveryClient-InstanceInfoReplicator-0] com.netflix.discovery.DiscoveryClient    : DiscoveryClient_PACKAGING-AND-DELIVERY/192.168.0.100:packaging-and-delivery:8082: registering service...
2022-06-18 16:28:46.377 DEBUG 100480 --- [DiscoveryClient-InstanceInfoReplicator-0] o.s.web.client.RestTemplate              : HTTP POST http://localhost:8761/eureka/apps/PACKAGING-AND-DELIVERY
2022-06-18 16:28:46.423 DEBUG 100480 --- [DiscoveryClient-InstanceInfoReplicator-0] o.s.web.client.RestTemplate              : Accept=[application/json, application/*+json]
2022-06-18 16:28:46.625  INFO 100480 --- [main] d.r.p.s.PackagingAndDeliveryServiceTest  : Started PackagingAndDeliveryServiceTest in 70.672 seconds (JVM running for 85.362)
2022-06-18 16:28:46.750 DEBUG 100480 --- [DiscoveryClient-InstanceInfoReplicator-0] o.s.web.client.RestTemplate              : Writing [InstanceInfo [instanceId = 192.168.0.100:packaging-and-delivery:8082, appName = PACKAGING-AND-DELIVERY, hostName = 192.168.0.100, status = UP, ipAddr = 192.168.0.100, port = 8082, securePort = 443, dataCenterInfo = com.netflix.appinfo.MyDataCenterInfo@6011840e] as "application/json"
2022-06-18 16:28:47.424 DEBUG 100480 --- [DiscoveryClient-InstanceInfoReplicator-0] o.s.web.client.RestTemplate              : Response 204 NO_CONTENT
2022-06-18 16:28:47.430  INFO 100480 --- [DiscoveryClient-InstanceInfoReplicator-0] com.netflix.discovery.DiscoveryClient    : DiscoveryClient_PACKAGING-AND-DELIVERY/192.168.0.100:packaging-and-delivery:8082 - registration status: 204
2022-06-18 16:28:52.946  INFO 100480 --- [main] d.r.p.s.PackagingAndDeliveryService      : PackagingAndDeliveryService getPackagingAndDeliveryCharge (String componentType, int count) : For component Type accessory and count 2, packaging charge 200 and delivery charge 200
2022-06-18 16:28:53.139  INFO 100480 --- [main] d.r.p.s.PackagingAndDeliveryService      : PackagingAndDeliveryService getPackagingAndDeliveryCharge (String componentType, int count) : For component Type integral-item and count 2, packaging charge 300 and delivery charge 400
2022-06-18 16:28:53.189 ERROR 100480 --- [main] d.r.p.s.PackagingAndDeliveryService      : PackagingAndDeliveryService getPackagingAndDeliveryCharge (String componentType, int count) : Component Type protective-sheath not found
2022-06-18 16:28:53.234 ERROR 100480 --- [main] d.r.p.s.PackagingAndDeliveryService      : PackagingAndDeliveryService getPackagingAndDeliveryCharge (String componentType, int count) : Component Type unknown not found
2022-06-18 16:28:55.258  INFO 100480 --- [main] .b.t.c.SpringBootTestContextBootstrapper : Neither @ContextConfiguration nor @ContextHierarchy found for test class [dev.ritam.packaging_and_delivery.util.PackagingAndDeliveryCostsTest], using SpringBootContextLoader
2022-06-18 16:28:55.262  INFO 100480 --- [main] o.s.t.c.support.AbstractContextLoader    : Could not detect default resource locations for test class [dev.ritam.packaging_and_delivery.util.PackagingAndDeliveryCostsTest]: no resource found for suffixes {-context.xml, Context.groovy}.
2022-06-18 16:28:55.263  INFO 100480 --- [main] t.c.s.AnnotationConfigContextLoaderUtils : Could not detect default configuration classes for test class [dev.ritam.packaging_and_delivery.util.PackagingAndDeliveryCostsTest]: PackagingAndDeliveryCostsTest does not declare any static, non-private, non-final, nested classes annotated with @Configuration.
2022-06-18 16:28:55.337  INFO 100480 --- [main] .b.t.c.SpringBootTestContextBootstrapper : Found @SpringBootConfiguration dev.ritam.packaging_and_delivery.PackagingAndDeliveryApplication for test class dev.ritam.packaging_and_delivery.util.PackagingAndDeliveryCostsTest
2022-06-18 16:28:55.367  INFO 100480 --- [main] .b.t.c.SpringBootTestContextBootstrapper : Loaded default TestExecutionListener class names from location [META-INF/spring.factories]: [org.springframework.boot.test.mock.mockito.MockitoTestExecutionListener, org.springframework.boot.test.mock.mockito.ResetMocksTestExecutionListener, org.springframework.boot.test.autoconfigure.restdocs.RestDocsTestExecutionListener, org.springframework.boot.test.autoconfigure.web.client.MockRestServiceServerResetTestExecutionListener, org.springframework.boot.test.autoconfigure.web.servlet.MockMvcPrintOnlyOnFailureTestExecutionListener, org.springframework.boot.test.autoconfigure.web.servlet.WebDriverTestExecutionListener, org.springframework.boot.test.autoconfigure.webservices.client.MockWebServiceServerTestExecutionListener, org.springframework.test.context.web.ServletTestExecutionListener, org.springframework.test.context.support.DirtiesContextBeforeModesTestExecutionListener, org.springframework.test.context.event.ApplicationEventsTestExecutionListener, org.springframework.test.context.support.DependencyInjectionTestExecutionListener, org.springframework.test.context.support.DirtiesContextTestExecutionListener, org.springframework.test.context.transaction.TransactionalTestExecutionListener, org.springframework.test.context.jdbc.SqlScriptsTestExecutionListener, org.springframework.test.context.event.EventPublishingTestExecutionListener]
2022-06-18 16:28:55.373  INFO 100480 --- [main] .b.t.c.SpringBootTestContextBootstrapper : Using TestExecutionListeners: [org.springframework.test.context.web.ServletTestExecutionListener@ad055ed, org.springframework.test.context.support.DirtiesContextBeforeModesTestExecutionListener@5589ff4f, org.springframework.test.context.event.ApplicationEventsTestExecutionListener@34d589c5, org.springframework.boot.test.mock.mockito.MockitoTestExecutionListener@298ccf4f, org.springframework.boot.test.autoconfigure.SpringBootDependencyInjectionTestExecutionListener@21fb88ae, org.springframework.test.context.support.DirtiesContextTestExecutionListener@3b927859, org.springframework.test.context.jdbc.SqlScriptsTestExecutionListener@2311454f, org.springframework.test.context.event.EventPublishingTestExecutionListener@6ca800d5, org.springframework.boot.test.mock.mockito.ResetMocksTestExecutionListener@11eb4b16, org.springframework.boot.test.autoconfigure.restdocs.RestDocsTestExecutionListener@3913b9c2, org.springframework.boot.test.autoconfigure.web.client.MockRestServiceServerResetTestExecutionListener@1081b892, org.springframework.boot.test.autoconfigure.web.servlet.MockMvcPrintOnlyOnFailureTestExecutionListener@3c03acff, org.springframework.boot.test.autoconfigure.web.servlet.WebDriverTestExecutionListener@777bf392, org.springframework.boot.test.autoconfigure.webservices.client.MockWebServiceServerTestExecutionListener@53028916]
2022-06-18 16:28:55.924 DEBUG 100480 --- [SpringApplicationShutdownHook] o.s.w.c.s.GenericWebApplicationContext   : Closing org.springframework.web.context.support.GenericWebApplicationContext@48acb864, started on Sat Jun 18 16:27:49 IST 2022, parent: org.springframework.context.annotation.AnnotationConfigApplicationContext@22ea09b7
2022-06-18 16:28:55.936  INFO 100480 --- [SpringApplicationShutdownHook] o.s.c.n.e.s.EurekaServiceRegistry        : Unregistering application PACKAGING-AND-DELIVERY with eureka with status DOWN
2022-06-18 16:28:55.945  INFO 100480 --- [SpringApplicationShutdownHook] com.netflix.discovery.DiscoveryClient    : Saw local status change event StatusChangeEvent [timestamp=1655549935945, current=DOWN, previous=UP]
2022-06-18 16:28:55.962  INFO 100480 --- [DiscoveryClient-InstanceInfoReplicator-0] com.netflix.discovery.DiscoveryClient    : DiscoveryClient_PACKAGING-AND-DELIVERY/192.168.0.100:packaging-and-delivery:8082: registering service...
2022-06-18 16:28:55.963 DEBUG 100480 --- [DiscoveryClient-InstanceInfoReplicator-0] o.s.web.client.RestTemplate              : HTTP POST http://localhost:8761/eureka/apps/PACKAGING-AND-DELIVERY
2022-06-18 16:28:55.979 DEBUG 100480 --- [DiscoveryClient-InstanceInfoReplicator-0] o.s.web.client.RestTemplate              : Accept=[application/json, application/*+json]
2022-06-18 16:28:55.995 DEBUG 100480 --- [DiscoveryClient-InstanceInfoReplicator-0] o.s.web.client.RestTemplate              : Writing [InstanceInfo [instanceId = 192.168.0.100:packaging-and-delivery:8082, appName = PACKAGING-AND-DELIVERY, hostName = 192.168.0.100, status = DOWN, ipAddr = 192.168.0.100, port = 8082, securePort = 443, dataCenterInfo = com.netflix.appinfo.MyDataCenterInfo@6011840e] as "application/json"
2022-06-18 16:28:56.052 DEBUG 100480 --- [DiscoveryClient-InstanceInfoReplicator-0] o.s.web.client.RestTemplate              : Response 204 NO_CONTENT
2022-06-18 16:28:56.061  INFO 100480 --- [DiscoveryClient-InstanceInfoReplicator-0] com.netflix.discovery.DiscoveryClient    : DiscoveryClient_PACKAGING-AND-DELIVERY/192.168.0.100:packaging-and-delivery:8082 - registration status: 204
2022-06-18 16:28:56.147  INFO 100480 --- [SpringApplicationShutdownHook] com.netflix.discovery.DiscoveryClient    : Shutting down DiscoveryClient ...
2022-06-18 16:28:59.154  INFO 100480 --- [SpringApplicationShutdownHook] com.netflix.discovery.DiscoveryClient    : Unregistering ...
2022-06-18 16:28:59.193 DEBUG 100480 --- [SpringApplicationShutdownHook] o.s.web.client.RestTemplate              : HTTP DELETE http://localhost:8761/eureka/apps/PACKAGING-AND-DELIVERY/192.168.0.100:packaging-and-delivery:8082
2022-06-18 16:28:59.203 DEBUG 100480 --- [SpringApplicationShutdownHook] o.s.web.client.RestTemplate              : Accept=[application/json, application/*+json]
2022-06-18 16:28:59.243 DEBUG 100480 --- [SpringApplicationShutdownHook] o.s.web.client.RestTemplate              : Response 200 OK
2022-06-18 16:28:59.247  INFO 100480 --- [SpringApplicationShutdownHook] com.netflix.discovery.DiscoveryClient    : DiscoveryClient_PACKAGING-AND-DELIVERY/192.168.0.100:packaging-and-delivery:8082 - deregister  status: 200
2022-06-18 16:28:59.373  INFO 100480 --- [SpringApplicationShutdownHook] com.netflix.discovery.DiscoveryClient    : Completed shut down of DiscoveryClient
