2022-05-17 19:26:59.836  INFO 97243 --- [main] c.c.c.ConfigServicePropertySourceLocator : Fetching config from server at : http://localhost:8286
2022-05-17 19:27:00.340 DEBUG 97243 --- [main] o.s.web.client.RestTemplate              : HTTP GET http://localhost:8286/packaging-and-delivery/default
2022-05-17 19:27:01.922 DEBUG 97243 --- [main] o.s.web.client.RestTemplate              : Accept=[application/json, application/*+json]
2022-05-17 19:27:02.152 DEBUG 97243 --- [main] o.s.web.client.RestTemplate              : Response 404 NOT_FOUND
2022-05-17 19:27:02.191  WARN 97243 --- [main] c.c.c.ConfigServicePropertySourceLocator : Could not locate PropertySource: None of labels [] found
2022-05-17 19:27:02.335  INFO 97243 --- [main] d.r.p.s.PackagingAndDeliveryServiceTest  : No active profile set, falling back to 1 default profile: "default"
2022-05-17 19:27:02.362 DEBUG 97243 --- [main] o.s.w.c.s.GenericWebApplicationContext   : Refreshing org.springframework.web.context.support.GenericWebApplicationContext@5e66d85d
2022-05-17 19:27:12.579  INFO 97243 --- [main] o.s.cloud.context.scope.GenericScope     : BeanFactory id=a9a40a43-fa65-3880-96f3-03d3fc297344
2022-05-17 19:27:21.052 DEBUG 97243 --- [main] s.w.s.m.m.a.RequestMappingHandlerMapping : 9 mappings in 'requestMappingHandlerMapping'
2022-05-17 19:27:26.359 DEBUG 97243 --- [main] s.w.s.m.m.a.RequestMappingHandlerAdapter : ControllerAdvice beans: 0 @ModelAttribute, 0 @InitBinder, 1 RequestBodyAdvice, 1 ResponseBodyAdvice
2022-05-17 19:27:27.180 DEBUG 97243 --- [main] o.s.w.s.handler.SimpleUrlHandlerMapping  : Patterns [/swagger-ui/] in 'viewControllerHandlerMapping'
2022-05-17 19:27:27.368 DEBUG 97243 --- [main] o.s.w.s.handler.SimpleUrlHandlerMapping  : Patterns [/webjars/**, /**, /swagger-ui/**] in 'resourceHandlerMapping'
2022-05-17 19:27:27.455 DEBUG 97243 --- [main] .m.m.a.ExceptionHandlerExceptionResolver : ControllerAdvice beans: 0 @ExceptionHandler, 1 ResponseBodyAdvice
2022-05-17 19:27:30.370  INFO 97243 --- [main] DiscoveryClientOptionalArgsConfiguration : Eureka HTTP Client uses RestTemplate.
2022-05-17 19:27:33.138  WARN 97243 --- [main] iguration$LoadBalancerCaffeineWarnLogger : Spring Cloud LoadBalancer is currently working with the default cache. While this cache implementation is useful for development and tests, it's recommended to use Caffeine cache in production.You can switch to using Caffeine cache, by adding it and org.springframework.cache.caffeine.CaffeineCacheManager to the classpath.
2022-05-17 19:27:34.432  INFO 97243 --- [main] o.s.c.n.eureka.InstanceInfoFactory       : Setting initial instance status as: STARTING
2022-05-17 19:27:36.606  INFO 97243 --- [main] com.netflix.discovery.DiscoveryClient    : Initializing Eureka in region us-east-1
2022-05-17 19:27:36.682  INFO 97243 --- [main] c.n.d.s.r.aws.ConfigClusterResolver      : Resolving eureka endpoints via configuration
2022-05-17 19:27:36.991  INFO 97243 --- [main] com.netflix.discovery.DiscoveryClient    : Disable delta property : false
2022-05-17 19:27:36.998  INFO 97243 --- [main] com.netflix.discovery.DiscoveryClient    : Single vip registry refresh property : null
2022-05-17 19:27:37.006  INFO 97243 --- [main] com.netflix.discovery.DiscoveryClient    : Force full registry fetch : false
2022-05-17 19:27:37.010  INFO 97243 --- [main] com.netflix.discovery.DiscoveryClient    : Application is null : false
2022-05-17 19:27:37.043  INFO 97243 --- [main] com.netflix.discovery.DiscoveryClient    : Registered Applications size is zero : true
2022-05-17 19:27:37.048  INFO 97243 --- [main] com.netflix.discovery.DiscoveryClient    : Application version is -1: true
2022-05-17 19:27:37.073  INFO 97243 --- [main] com.netflix.discovery.DiscoveryClient    : Getting all instance registry info from the eureka server
2022-05-17 19:27:40.527 DEBUG 97243 --- [main] o.s.web.client.RestTemplate              : HTTP GET http://localhost:8761/eureka/apps/
2022-05-17 19:27:42.006 DEBUG 97243 --- [main] o.s.web.client.RestTemplate              : Accept=[application/json, application/*+json]
2022-05-17 19:27:43.380 DEBUG 97243 --- [main] o.s.web.client.RestTemplate              : Response 200 OK
2022-05-17 19:27:43.407 DEBUG 97243 --- [main] o.s.web.client.RestTemplate              : Reading to [org.springframework.cloud.netflix.eureka.http.EurekaApplications]
2022-05-17 19:27:43.978  INFO 97243 --- [main] com.netflix.discovery.DiscoveryClient    : The response status is 200
2022-05-17 19:27:44.087  INFO 97243 --- [main] com.netflix.discovery.DiscoveryClient    : Starting heartbeat executor: renew interval is: 30
2022-05-17 19:27:44.133  INFO 97243 --- [main] c.n.discovery.InstanceInfoReplicator     : InstanceInfoReplicator onDemand update allowed rate per min is 4
2022-05-17 19:27:44.245  INFO 97243 --- [main] com.netflix.discovery.DiscoveryClient    : Discovery Client initialized at timestamp 1652795864238 with initial instances count: 5
2022-05-17 19:27:44.362  INFO 97243 --- [main] o.s.c.n.e.s.EurekaServiceRegistry        : Registering application PACKAGING-AND-DELIVERY with eureka with status UP
2022-05-17 19:27:44.371  INFO 97243 --- [main] com.netflix.discovery.DiscoveryClient    : Saw local status change event StatusChangeEvent [timestamp=1652795864370, current=UP, previous=STARTING]
2022-05-17 19:27:44.418  INFO 97243 --- [DiscoveryClient-InstanceInfoReplicator-0] com.netflix.discovery.DiscoveryClient    : DiscoveryClient_PACKAGING-AND-DELIVERY/192.168.0.100:packaging-and-delivery:8082: registering service...
2022-05-17 19:27:44.651 DEBUG 97243 --- [DiscoveryClient-InstanceInfoReplicator-0] o.s.web.client.RestTemplate              : HTTP POST http://localhost:8761/eureka/apps/PACKAGING-AND-DELIVERY
2022-05-17 19:27:44.677 DEBUG 97243 --- [DiscoveryClient-InstanceInfoReplicator-0] o.s.web.client.RestTemplate              : Accept=[application/json, application/*+json]
2022-05-17 19:27:45.211 DEBUG 97243 --- [DiscoveryClient-InstanceInfoReplicator-0] o.s.web.client.RestTemplate              : Writing [InstanceInfo [instanceId = 192.168.0.100:packaging-and-delivery:8082, appName = PACKAGING-AND-DELIVERY, hostName = 192.168.0.100, status = UP, ipAddr = 192.168.0.100, port = 8082, securePort = 443, dataCenterInfo = com.netflix.appinfo.MyDataCenterInfo@60a61494] as "application/json"
2022-05-17 19:27:45.784 DEBUG 97243 --- [DiscoveryClient-InstanceInfoReplicator-0] o.s.web.client.RestTemplate              : Response 204 NO_CONTENT
2022-05-17 19:27:45.789  INFO 97243 --- [DiscoveryClient-InstanceInfoReplicator-0] com.netflix.discovery.DiscoveryClient    : DiscoveryClient_PACKAGING-AND-DELIVERY/192.168.0.100:packaging-and-delivery:8082 - registration status: 204
2022-05-17 19:27:48.689  INFO 97243 --- [main] d.r.p.s.PackagingAndDeliveryServiceTest  : Started PackagingAndDeliveryServiceTest in 60.933 seconds (JVM running for 83.943)
2022-05-17 19:27:52.070  INFO 97243 --- [main] d.r.p.s.PackagingAndDeliveryService      : PackagingAndDeliveryService getPackagingAndDeliveryCharge (String componentType, int count) : For component Type accessory and count 2, packaging charge 200 and delivery charge 200
2022-05-17 19:27:52.252  INFO 97243 --- [main] d.r.p.s.PackagingAndDeliveryService      : PackagingAndDeliveryService getPackagingAndDeliveryCharge (String componentType, int count) : For component Type integral-item and count 2, packaging charge 300 and delivery charge 400
2022-05-17 19:27:52.333 ERROR 97243 --- [main] d.r.p.s.PackagingAndDeliveryService      : PackagingAndDeliveryService getPackagingAndDeliveryCharge (String componentType, int count) : Component Type protective-sheath not found
2022-05-17 19:27:52.363 ERROR 97243 --- [main] d.r.p.s.PackagingAndDeliveryService      : PackagingAndDeliveryService getPackagingAndDeliveryCharge (String componentType, int count) : Component Type unknown not found
2022-05-17 19:27:53.994  INFO 97243 --- [main] .b.t.c.SpringBootTestContextBootstrapper : Neither @ContextConfiguration nor @ContextHierarchy found for test class [dev.ritam.packaging_and_delivery.util.PackagingAndDeliveryCostsTest], using SpringBootContextLoader
2022-05-17 19:27:53.998  INFO 97243 --- [main] o.s.t.c.support.AbstractContextLoader    : Could not detect default resource locations for test class [dev.ritam.packaging_and_delivery.util.PackagingAndDeliveryCostsTest]: no resource found for suffixes {-context.xml, Context.groovy}.
2022-05-17 19:27:53.999  INFO 97243 --- [main] t.c.s.AnnotationConfigContextLoaderUtils : Could not detect default configuration classes for test class [dev.ritam.packaging_and_delivery.util.PackagingAndDeliveryCostsTest]: PackagingAndDeliveryCostsTest does not declare any static, non-private, non-final, nested classes annotated with @Configuration.
2022-05-17 19:27:54.031  INFO 97243 --- [main] .b.t.c.SpringBootTestContextBootstrapper : Found @SpringBootConfiguration dev.ritam.packaging_and_delivery.PackagingAndDeliveryApplication for test class dev.ritam.packaging_and_delivery.util.PackagingAndDeliveryCostsTest
2022-05-17 19:27:54.052  INFO 97243 --- [main] .b.t.c.SpringBootTestContextBootstrapper : Loaded default TestExecutionListener class names from location [META-INF/spring.factories]: [org.springframework.boot.test.mock.mockito.MockitoTestExecutionListener, org.springframework.boot.test.mock.mockito.ResetMocksTestExecutionListener, org.springframework.boot.test.autoconfigure.restdocs.RestDocsTestExecutionListener, org.springframework.boot.test.autoconfigure.web.client.MockRestServiceServerResetTestExecutionListener, org.springframework.boot.test.autoconfigure.web.servlet.MockMvcPrintOnlyOnFailureTestExecutionListener, org.springframework.boot.test.autoconfigure.web.servlet.WebDriverTestExecutionListener, org.springframework.boot.test.autoconfigure.webservices.client.MockWebServiceServerTestExecutionListener, org.springframework.test.context.web.ServletTestExecutionListener, org.springframework.test.context.support.DirtiesContextBeforeModesTestExecutionListener, org.springframework.test.context.event.ApplicationEventsTestExecutionListener, org.springframework.test.context.support.DependencyInjectionTestExecutionListener, org.springframework.test.context.support.DirtiesContextTestExecutionListener, org.springframework.test.context.transaction.TransactionalTestExecutionListener, org.springframework.test.context.jdbc.SqlScriptsTestExecutionListener, org.springframework.test.context.event.EventPublishingTestExecutionListener]
2022-05-17 19:27:54.055  INFO 97243 --- [main] .b.t.c.SpringBootTestContextBootstrapper : Using TestExecutionListeners: [org.springframework.test.context.web.ServletTestExecutionListener@c1cc7ee, org.springframework.test.context.support.DirtiesContextBeforeModesTestExecutionListener@2c79dc52, org.springframework.test.context.event.ApplicationEventsTestExecutionListener@227594a9, org.springframework.boot.test.mock.mockito.MockitoTestExecutionListener@a21441e, org.springframework.boot.test.autoconfigure.SpringBootDependencyInjectionTestExecutionListener@6068c103, org.springframework.test.context.support.DirtiesContextTestExecutionListener@2910a10, org.springframework.test.context.jdbc.SqlScriptsTestExecutionListener@c4f1637, org.springframework.test.context.event.EventPublishingTestExecutionListener@cceb214, org.springframework.boot.test.mock.mockito.ResetMocksTestExecutionListener@2a080a57, org.springframework.boot.test.autoconfigure.restdocs.RestDocsTestExecutionListener@20c3548c, org.springframework.boot.test.autoconfigure.web.client.MockRestServiceServerResetTestExecutionListener@54c9100d, org.springframework.boot.test.autoconfigure.web.servlet.MockMvcPrintOnlyOnFailureTestExecutionListener@2dee5692, org.springframework.boot.test.autoconfigure.web.servlet.WebDriverTestExecutionListener@475ebbca, org.springframework.boot.test.autoconfigure.webservices.client.MockWebServiceServerTestExecutionListener@7d83f099]
2022-05-17 19:27:54.296 DEBUG 97243 --- [SpringApplicationShutdownHook] o.s.w.c.s.GenericWebApplicationContext   : Closing org.springframework.web.context.support.GenericWebApplicationContext@5e66d85d, started on Tue May 17 19:27:02 IST 2022, parent: org.springframework.context.annotation.AnnotationConfigApplicationContext@4d1f6e1c
2022-05-17 19:27:54.307  INFO 97243 --- [SpringApplicationShutdownHook] o.s.c.n.e.s.EurekaServiceRegistry        : Unregistering application PACKAGING-AND-DELIVERY with eureka with status DOWN
2022-05-17 19:27:54.313  INFO 97243 --- [SpringApplicationShutdownHook] com.netflix.discovery.DiscoveryClient    : Saw local status change event StatusChangeEvent [timestamp=1652795874313, current=DOWN, previous=UP]
2022-05-17 19:27:54.314  INFO 97243 --- [DiscoveryClient-InstanceInfoReplicator-0] com.netflix.discovery.DiscoveryClient    : DiscoveryClient_PACKAGING-AND-DELIVERY/192.168.0.100:packaging-and-delivery:8082: registering service...
2022-05-17 19:27:54.316 DEBUG 97243 --- [DiscoveryClient-InstanceInfoReplicator-0] o.s.web.client.RestTemplate              : HTTP POST http://localhost:8761/eureka/apps/PACKAGING-AND-DELIVERY
2022-05-17 19:27:54.321 DEBUG 97243 --- [DiscoveryClient-InstanceInfoReplicator-0] o.s.web.client.RestTemplate              : Accept=[application/json, application/*+json]
2022-05-17 19:27:54.327 DEBUG 97243 --- [DiscoveryClient-InstanceInfoReplicator-0] o.s.web.client.RestTemplate              : Writing [InstanceInfo [instanceId = 192.168.0.100:packaging-and-delivery:8082, appName = PACKAGING-AND-DELIVERY, hostName = 192.168.0.100, status = DOWN, ipAddr = 192.168.0.100, port = 8082, securePort = 443, dataCenterInfo = com.netflix.appinfo.MyDataCenterInfo@60a61494] as "application/json"
2022-05-17 19:27:54.362 DEBUG 97243 --- [DiscoveryClient-InstanceInfoReplicator-0] o.s.web.client.RestTemplate              : Response 204 NO_CONTENT
2022-05-17 19:27:54.370  INFO 97243 --- [DiscoveryClient-InstanceInfoReplicator-0] com.netflix.discovery.DiscoveryClient    : DiscoveryClient_PACKAGING-AND-DELIVERY/192.168.0.100:packaging-and-delivery:8082 - registration status: 204
2022-05-17 19:27:54.390  INFO 97243 --- [SpringApplicationShutdownHook] com.netflix.discovery.DiscoveryClient    : Shutting down DiscoveryClient ...
2022-05-17 19:27:57.411  INFO 97243 --- [SpringApplicationShutdownHook] com.netflix.discovery.DiscoveryClient    : Unregistering ...
2022-05-17 19:27:57.417 DEBUG 97243 --- [SpringApplicationShutdownHook] o.s.web.client.RestTemplate              : HTTP DELETE http://localhost:8761/eureka/apps/PACKAGING-AND-DELIVERY/192.168.0.100:packaging-and-delivery:8082
2022-05-17 19:27:57.420 DEBUG 97243 --- [SpringApplicationShutdownHook] o.s.web.client.RestTemplate              : Accept=[application/json, application/*+json]
2022-05-17 19:27:57.433 DEBUG 97243 --- [SpringApplicationShutdownHook] o.s.web.client.RestTemplate              : Response 200 OK
2022-05-17 19:27:57.435  INFO 97243 --- [SpringApplicationShutdownHook] com.netflix.discovery.DiscoveryClient    : DiscoveryClient_PACKAGING-AND-DELIVERY/192.168.0.100:packaging-and-delivery:8082 - deregister  status: 200
2022-05-17 19:27:57.482  INFO 97243 --- [SpringApplicationShutdownHook] com.netflix.discovery.DiscoveryClient    : Completed shut down of DiscoveryClient
