2022-06-18 16:29:15.299  WARN 101992 --- [main] c.c.c.ConfigServicePropertySourceLocator : Could not locate PropertySource: Invalid URL: ${CONFIG_SERVER_URL}
2022-06-18 16:29:15.513  INFO 101992 --- [main] d.r.c.s.ComponentProcessorServiceTest    : No active profile set, falling back to 1 default profile: "default"
2022-06-18 16:29:15.580 DEBUG 101992 --- [main] o.s.w.c.s.GenericWebApplicationContext   : Refreshing org.springframework.web.context.support.GenericWebApplicationContext@6ab80ea
2022-06-18 16:29:20.879  WARN 101993 --- [main] c.c.c.ConfigServicePropertySourceLocator : Could not locate PropertySource: Invalid URL: ${CONFIG_SERVER_URL}
2022-06-18 16:29:20.961  INFO 101993 --- [main] .c.u.ComponentProcessorDefaultValuesTest : No active profile set, falling back to 1 default profile: "default"
2022-06-18 16:29:20.998 DEBUG 101993 --- [main] o.s.w.c.s.GenericWebApplicationContext   : Refreshing org.springframework.web.context.support.GenericWebApplicationContext@140fc16f
2022-06-18 16:29:24.453  INFO 101992 --- [main] .s.d.r.c.RepositoryConfigurationDelegate : Bootstrapping Spring Data JPA repositories in DEFAULT mode.
2022-06-18 16:29:25.188  INFO 101992 --- [main] .s.d.r.c.RepositoryConfigurationDelegate : Finished Spring Data repository scanning in 608 ms. Found 1 JPA repository interfaces.
2022-06-18 16:29:27.794  INFO 101992 --- [main] o.s.cloud.context.scope.GenericScope     : BeanFactory id=8ae75810-7b12-3138-bda1-f3773ecf5b52
2022-06-18 16:29:29.295  INFO 101993 --- [main] .s.d.r.c.RepositoryConfigurationDelegate : Bootstrapping Spring Data JPA repositories in DEFAULT mode.
2022-06-18 16:29:29.780  INFO 101993 --- [main] .s.d.r.c.RepositoryConfigurationDelegate : Finished Spring Data repository scanning in 424 ms. Found 1 JPA repository interfaces.
2022-06-18 16:29:32.077  INFO 101993 --- [main] o.s.cloud.context.scope.GenericScope     : BeanFactory id=8ae75810-7b12-3138-bda1-f3773ecf5b52
2022-06-18 16:29:35.198  INFO 101992 --- [main] com.zaxxer.hikari.HikariDataSource       : HikariPool-1 - Starting...
2022-06-18 16:29:37.720  INFO 101992 --- [main] com.zaxxer.hikari.HikariDataSource       : HikariPool-1 - Start completed.
2022-06-18 16:29:38.854  INFO 101993 --- [main] com.zaxxer.hikari.HikariDataSource       : HikariPool-1 - Starting...
2022-06-18 16:29:40.697  INFO 101993 --- [main] com.zaxxer.hikari.HikariDataSource       : HikariPool-1 - Start completed.
2022-06-18 16:29:44.226  INFO 101992 --- [main] j.LocalContainerEntityManagerFactoryBean : Initialized JPA EntityManagerFactory for persistence unit 'default'
2022-06-18 16:29:44.818  INFO 101993 --- [main] j.LocalContainerEntityManagerFactoryBean : Initialized JPA EntityManagerFactory for persistence unit 'default'
2022-06-18 16:29:46.156  WARN 101992 --- [main] JpaBaseConfiguration$JpaWebConfiguration : spring.jpa.open-in-view is enabled by default. Therefore, database queries may be performed during view rendering. Explicitly configure spring.jpa.open-in-view to disable this warning
2022-06-18 16:29:46.494  WARN 101993 --- [main] JpaBaseConfiguration$JpaWebConfiguration : spring.jpa.open-in-view is enabled by default. Therefore, database queries may be performed during view rendering. Explicitly configure spring.jpa.open-in-view to disable this warning
2022-06-18 16:29:47.937  INFO 101992 --- [main] o.s.b.a.h2.H2ConsoleAutoConfiguration    : H2 console available at '/h2-console'. Database available at 'jdbc:h2:mem:return_order_management'
2022-06-18 16:29:48.092  INFO 101993 --- [main] o.s.b.a.h2.H2ConsoleAutoConfiguration    : H2 console available at '/h2-console'. Database available at 'jdbc:h2:mem:return_order_management'
2022-06-18 16:29:55.151 DEBUG 101992 --- [main] s.w.s.m.m.a.RequestMappingHandlerAdapter : ControllerAdvice beans: 0 @ModelAttribute, 0 @InitBinder, 1 RequestBodyAdvice, 1 ResponseBodyAdvice
2022-06-18 16:29:55.764 DEBUG 101992 --- [main] s.w.s.m.m.a.RequestMappingHandlerMapping : 12 mappings in 'requestMappingHandlerMapping'
2022-06-18 16:29:55.850 DEBUG 101993 --- [main] s.w.s.m.m.a.RequestMappingHandlerAdapter : ControllerAdvice beans: 0 @ModelAttribute, 0 @InitBinder, 1 RequestBodyAdvice, 1 ResponseBodyAdvice
2022-06-18 16:29:56.488 DEBUG 101993 --- [main] s.w.s.m.m.a.RequestMappingHandlerMapping : 12 mappings in 'requestMappingHandlerMapping'
2022-06-18 16:30:02.967 DEBUG 101992 --- [main] o.s.w.s.handler.SimpleUrlHandlerMapping  : Patterns [/webjars/**, /**, /swagger-ui*/**] in 'resourceHandlerMapping'
2022-06-18 16:30:03.011 DEBUG 101993 --- [main] o.s.w.s.handler.SimpleUrlHandlerMapping  : Patterns [/webjars/**, /**, /swagger-ui*/**] in 'resourceHandlerMapping'
2022-06-18 16:30:03.182 DEBUG 101992 --- [main] .m.m.a.ExceptionHandlerExceptionResolver : ControllerAdvice beans: 1 @ExceptionHandler, 1 ResponseBodyAdvice
2022-06-18 16:30:03.246 DEBUG 101993 --- [main] .m.m.a.ExceptionHandlerExceptionResolver : ControllerAdvice beans: 1 @ExceptionHandler, 1 ResponseBodyAdvice
2022-06-18 16:30:10.119  INFO 101992 --- [main] DiscoveryClientOptionalArgsConfiguration : Eureka HTTP Client uses RestTemplate.
2022-06-18 16:30:10.128  INFO 101993 --- [main] DiscoveryClientOptionalArgsConfiguration : Eureka HTTP Client uses RestTemplate.
2022-06-18 16:30:10.844  WARN 101992 --- [main] iguration$LoadBalancerCaffeineWarnLogger : Spring Cloud LoadBalancer is currently working with the default cache. While this cache implementation is useful for development and tests, it's recommended to use Caffeine cache in production.You can switch to using Caffeine cache, by adding it and org.springframework.cache.caffeine.CaffeineCacheManager to the classpath.
2022-06-18 16:30:10.937  WARN 101993 --- [main] iguration$LoadBalancerCaffeineWarnLogger : Spring Cloud LoadBalancer is currently working with the default cache. While this cache implementation is useful for development and tests, it's recommended to use Caffeine cache in production.You can switch to using Caffeine cache, by adding it and org.springframework.cache.caffeine.CaffeineCacheManager to the classpath.
2022-06-18 16:30:11.021  INFO 101992 --- [main] o.s.b.a.e.web.EndpointLinksResolver      : Exposing 17 endpoint(s) beneath base path '/actuator'
2022-06-18 16:30:11.237  INFO 101993 --- [main] o.s.b.a.e.web.EndpointLinksResolver      : Exposing 17 endpoint(s) beneath base path '/actuator'
2022-06-18 16:30:11.703  INFO 101993 --- [main] o.s.c.n.eureka.InstanceInfoFactory       : Setting initial instance status as: STARTING
2022-06-18 16:30:11.886  INFO 101992 --- [main] o.s.c.n.eureka.InstanceInfoFactory       : Setting initial instance status as: STARTING
2022-06-18 16:30:12.469  INFO 101993 --- [main] com.netflix.discovery.DiscoveryClient    : Initializing Eureka in region us-east-1
2022-06-18 16:30:12.509  INFO 101992 --- [main] com.netflix.discovery.DiscoveryClient    : Initializing Eureka in region us-east-1
2022-06-18 16:30:12.519  INFO 101993 --- [main] c.n.d.s.r.aws.ConfigClusterResolver      : Resolving eureka endpoints via configuration
2022-06-18 16:30:12.544  INFO 101992 --- [main] c.n.d.s.r.aws.ConfigClusterResolver      : Resolving eureka endpoints via configuration
2022-06-18 16:30:12.813  INFO 101992 --- [main] com.netflix.discovery.DiscoveryClient    : Disable delta property : false
2022-06-18 16:30:12.816  INFO 101992 --- [main] com.netflix.discovery.DiscoveryClient    : Single vip registry refresh property : null
2022-06-18 16:30:12.817  INFO 101992 --- [main] com.netflix.discovery.DiscoveryClient    : Force full registry fetch : false
2022-06-18 16:30:12.818  INFO 101992 --- [main] com.netflix.discovery.DiscoveryClient    : Application is null : false
2022-06-18 16:30:12.819  INFO 101992 --- [main] com.netflix.discovery.DiscoveryClient    : Registered Applications size is zero : true
2022-06-18 16:30:12.831  INFO 101992 --- [main] com.netflix.discovery.DiscoveryClient    : Application version is -1: true
2022-06-18 16:30:12.834  INFO 101992 --- [main] com.netflix.discovery.DiscoveryClient    : Getting all instance registry info from the eureka server
2022-06-18 16:30:12.851  INFO 101993 --- [main] com.netflix.discovery.DiscoveryClient    : Disable delta property : false
2022-06-18 16:30:12.862  INFO 101993 --- [main] com.netflix.discovery.DiscoveryClient    : Single vip registry refresh property : null
2022-06-18 16:30:12.867  INFO 101993 --- [main] com.netflix.discovery.DiscoveryClient    : Force full registry fetch : false
2022-06-18 16:30:12.876  INFO 101993 --- [main] com.netflix.discovery.DiscoveryClient    : Application is null : false
2022-06-18 16:30:12.877  INFO 101993 --- [main] com.netflix.discovery.DiscoveryClient    : Registered Applications size is zero : true
2022-06-18 16:30:12.881  INFO 101993 --- [main] com.netflix.discovery.DiscoveryClient    : Application version is -1: true
2022-06-18 16:30:12.891  INFO 101993 --- [main] com.netflix.discovery.DiscoveryClient    : Getting all instance registry info from the eureka server
2022-06-18 16:30:15.096 DEBUG 101993 --- [main] o.s.web.client.RestTemplate              : HTTP GET http://localhost:8761/eureka/apps/
2022-06-18 16:30:15.103 DEBUG 101992 --- [main] o.s.web.client.RestTemplate              : HTTP GET http://localhost:8761/eureka/apps/
2022-06-18 16:30:16.095 DEBUG 101993 --- [main] o.s.web.client.RestTemplate              : Accept=[application/json, application/*+json]
2022-06-18 16:30:16.124 DEBUG 101992 --- [main] o.s.web.client.RestTemplate              : Accept=[application/json, application/*+json]
2022-06-18 16:30:16.593 DEBUG 101993 --- [main] o.s.web.client.RestTemplate              : Response 200 OK
2022-06-18 16:30:16.597 DEBUG 101992 --- [main] o.s.web.client.RestTemplate              : Response 200 OK
2022-06-18 16:30:16.609 DEBUG 101993 --- [main] o.s.web.client.RestTemplate              : Reading to [org.springframework.cloud.netflix.eureka.http.EurekaApplications]
2022-06-18 16:30:16.610 DEBUG 101992 --- [main] o.s.web.client.RestTemplate              : Reading to [org.springframework.cloud.netflix.eureka.http.EurekaApplications]
2022-06-18 16:30:16.827  INFO 101993 --- [main] com.netflix.discovery.DiscoveryClient    : The response status is 200
2022-06-18 16:30:16.855  INFO 101993 --- [main] com.netflix.discovery.DiscoveryClient    : Starting heartbeat executor: renew interval is: 30
2022-06-18 16:30:16.889  INFO 101992 --- [main] com.netflix.discovery.DiscoveryClient    : The response status is 200
2022-06-18 16:30:16.896  INFO 101993 --- [main] c.n.discovery.InstanceInfoReplicator     : InstanceInfoReplicator onDemand update allowed rate per min is 4
2022-06-18 16:30:16.945  INFO 101992 --- [main] com.netflix.discovery.DiscoveryClient    : Starting heartbeat executor: renew interval is: 30
2022-06-18 16:30:16.958  INFO 101993 --- [main] com.netflix.discovery.DiscoveryClient    : Discovery Client initialized at timestamp 1655550016949 with initial instances count: 2
2022-06-18 16:30:16.977  INFO 101992 --- [main] c.n.discovery.InstanceInfoReplicator     : InstanceInfoReplicator onDemand update allowed rate per min is 4
2022-06-18 16:30:17.018  INFO 101993 --- [main] o.s.c.n.e.s.EurekaServiceRegistry        : Registering application COMPONENT-PROCESSING with eureka with status UP
2022-06-18 16:30:17.030  INFO 101992 --- [main] com.netflix.discovery.DiscoveryClient    : Discovery Client initialized at timestamp 1655550017019 with initial instances count: 2
2022-06-18 16:30:17.029  INFO 101993 --- [main] com.netflix.discovery.DiscoveryClient    : Saw local status change event StatusChangeEvent [timestamp=1655550017029, current=UP, previous=STARTING]
2022-06-18 16:30:17.049  INFO 101993 --- [DiscoveryClient-InstanceInfoReplicator-0] com.netflix.discovery.DiscoveryClient    : DiscoveryClient_COMPONENT-PROCESSING/192.168.0.100:component-processing:8081: registering service...
2022-06-18 16:30:17.068  INFO 101992 --- [main] o.s.c.n.e.s.EurekaServiceRegistry        : Registering application COMPONENT-PROCESSING with eureka with status UP
2022-06-18 16:30:17.082  INFO 101992 --- [main] com.netflix.discovery.DiscoveryClient    : Saw local status change event StatusChangeEvent [timestamp=1655550017082, current=UP, previous=STARTING]
2022-06-18 16:30:17.151 DEBUG 101993 --- [DiscoveryClient-InstanceInfoReplicator-0] o.s.web.client.RestTemplate              : HTTP POST http://localhost:8761/eureka/apps/COMPONENT-PROCESSING
2022-06-18 16:30:17.166 DEBUG 101993 --- [DiscoveryClient-InstanceInfoReplicator-0] o.s.web.client.RestTemplate              : Accept=[application/json, application/*+json]
2022-06-18 16:30:17.110  INFO 101992 --- [DiscoveryClient-InstanceInfoReplicator-0] com.netflix.discovery.DiscoveryClient    : DiscoveryClient_COMPONENT-PROCESSING/192.168.0.100:component-processing:8081: registering service...
2022-06-18 16:30:17.307 DEBUG 101992 --- [DiscoveryClient-InstanceInfoReplicator-0] o.s.web.client.RestTemplate              : HTTP POST http://localhost:8761/eureka/apps/COMPONENT-PROCESSING
2022-06-18 16:30:17.332 DEBUG 101992 --- [DiscoveryClient-InstanceInfoReplicator-0] o.s.web.client.RestTemplate              : Accept=[application/json, application/*+json]
2022-06-18 16:30:17.392  INFO 101992 --- [main] d.r.c.s.ComponentProcessorServiceTest    : Started ComponentProcessorServiceTest in 76.576 seconds (JVM running for 102.539)
2022-06-18 16:30:17.509 DEBUG 101993 --- [DiscoveryClient-InstanceInfoReplicator-0] o.s.web.client.RestTemplate              : Writing [InstanceInfo [instanceId = 192.168.0.100:component-processing:8081, appName = COMPONENT-PROCESSING, hostName = 192.168.0.100, status = UP, ipAddr = 192.168.0.100, port = 8081, securePort = 443, dataCenterInfo = com.netflix.appinfo.MyDataCenterInfo@591b1362] as "application/json"
2022-06-18 16:30:17.579 DEBUG 101992 --- [DiscoveryClient-InstanceInfoReplicator-0] o.s.web.client.RestTemplate              : Writing [InstanceInfo [instanceId = 192.168.0.100:component-processing:8081, appName = COMPONENT-PROCESSING, hostName = 192.168.0.100, status = UP, ipAddr = 192.168.0.100, port = 8081, securePort = 443, dataCenterInfo = com.netflix.appinfo.MyDataCenterInfo@12a8ee9c] as "application/json"
2022-06-18 16:30:17.756  INFO 101993 --- [main] .c.u.ComponentProcessorDefaultValuesTest : Started ComponentProcessorDefaultValuesTest in 67.802 seconds (JVM running for 102.879)
2022-06-18 16:30:17.898 DEBUG 101993 --- [DiscoveryClient-InstanceInfoReplicator-0] o.s.web.client.RestTemplate              : Response 204 NO_CONTENT
2022-06-18 16:30:17.907  INFO 101993 --- [DiscoveryClient-InstanceInfoReplicator-0] com.netflix.discovery.DiscoveryClient    : DiscoveryClient_COMPONENT-PROCESSING/192.168.0.100:component-processing:8081 - registration status: 204
2022-06-18 16:30:18.060 DEBUG 101992 --- [DiscoveryClient-InstanceInfoReplicator-0] o.s.web.client.RestTemplate              : Response 204 NO_CONTENT
2022-06-18 16:30:18.075  INFO 101992 --- [DiscoveryClient-InstanceInfoReplicator-0] com.netflix.discovery.DiscoveryClient    : DiscoveryClient_COMPONENT-PROCESSING/192.168.0.100:component-processing:8081 - registration status: 204
2022-06-18 16:30:18.265 DEBUG 101993 --- [SpringApplicationShutdownHook] o.s.w.c.s.GenericWebApplicationContext   : Closing org.springframework.web.context.support.GenericWebApplicationContext@140fc16f, started on Sat Jun 18 16:29:20 IST 2022, parent: org.springframework.context.annotation.AnnotationConfigApplicationContext@2f04c1f3
2022-06-18 16:30:18.285  INFO 101993 --- [SpringApplicationShutdownHook] o.s.c.n.e.s.EurekaServiceRegistry        : Unregistering application COMPONENT-PROCESSING with eureka with status DOWN
2022-06-18 16:30:18.293  INFO 101993 --- [SpringApplicationShutdownHook] com.netflix.discovery.DiscoveryClient    : Saw local status change event StatusChangeEvent [timestamp=1655550018293, current=DOWN, previous=UP]
2022-06-18 16:30:18.310  INFO 101993 --- [DiscoveryClient-InstanceInfoReplicator-0] com.netflix.discovery.DiscoveryClient    : DiscoveryClient_COMPONENT-PROCESSING/192.168.0.100:component-processing:8081: registering service...
2022-06-18 16:30:18.314 DEBUG 101993 --- [DiscoveryClient-InstanceInfoReplicator-0] o.s.web.client.RestTemplate              : HTTP POST http://localhost:8761/eureka/apps/COMPONENT-PROCESSING
2022-06-18 16:30:18.323 DEBUG 101993 --- [DiscoveryClient-InstanceInfoReplicator-0] o.s.web.client.RestTemplate              : Accept=[application/json, application/*+json]
2022-06-18 16:30:18.332 DEBUG 101993 --- [DiscoveryClient-InstanceInfoReplicator-0] o.s.web.client.RestTemplate              : Writing [InstanceInfo [instanceId = 192.168.0.100:component-processing:8081, appName = COMPONENT-PROCESSING, hostName = 192.168.0.100, status = DOWN, ipAddr = 192.168.0.100, port = 8081, securePort = 443, dataCenterInfo = com.netflix.appinfo.MyDataCenterInfo@591b1362] as "application/json"
2022-06-18 16:30:18.401 DEBUG 101993 --- [DiscoveryClient-InstanceInfoReplicator-0] o.s.web.client.RestTemplate              : Response 204 NO_CONTENT
2022-06-18 16:30:18.403  INFO 101993 --- [DiscoveryClient-InstanceInfoReplicator-0] com.netflix.discovery.DiscoveryClient    : DiscoveryClient_COMPONENT-PROCESSING/192.168.0.100:component-processing:8081 - registration status: 204
2022-06-18 16:30:18.455  INFO 101993 --- [SpringApplicationShutdownHook] j.LocalContainerEntityManagerFactoryBean : Closing JPA EntityManagerFactory for persistence unit 'default'
2022-06-18 16:30:19.542  INFO 101993 --- [SpringApplicationShutdownHook] com.zaxxer.hikari.HikariDataSource       : HikariPool-1 - Shutdown initiated...
2022-06-18 16:30:19.580  INFO 101993 --- [SpringApplicationShutdownHook] com.zaxxer.hikari.HikariDataSource       : HikariPool-1 - Shutdown completed.
2022-06-18 16:30:19.586  INFO 101993 --- [SpringApplicationShutdownHook] com.netflix.discovery.DiscoveryClient    : Shutting down DiscoveryClient ...
2022-06-18 16:30:19.795  INFO 101992 --- [main] d.r.c.s.ComponentProcessingService       : ComponentProcessingService processDetail(ProcessRequest processRequest) : process request ProcessRequest(name=Ritam, contactNumber=9876543210, componentType=accessory, componentName=Shifter, quantity=2) produced response ProcessResponse(requestId=dded2ae9-292d-4d52-bc76-6a73bd20a119, processingCharge=300, packagingAndDeliveryCharge=300, dateOfDelivery=2022-06-20)
2022-06-18 16:30:19.895 ERROR 101992 --- [main] d.r.c.s.ComponentProcessingService       : ComponentProcessingService processDetail(ProcessRequest processRequest) : Packaging and Delivery microservice failed with status : 200 OK
2022-06-18 16:30:19.897 ERROR 101992 --- [main] d.r.c.s.ComponentProcessingService       : ComponentProcessingService processDetail(ProcessRequest processRequest) : Packaging and Delivery microservice failed with message : ComponentProcessingService processDetail(ProcessRequest processRequest) : Packaging and Delivery microservice failed with status : 200 OK
2022-06-18 16:30:19.926 ERROR 101992 --- [main] d.r.c.s.ComponentProcessingService       : ComponentProcessingService processDetail(ProcessRequest processRequest) : Packaging and Delivery microservice failed with message : mock error
2022-06-18 16:30:19.949  INFO 101992 --- [main] d.r.c.s.ComponentProcessingService       : ComponentProcessingService processDetail(ProcessRequest processRequest) : process request ProcessRequest(name=Ritam, contactNumber=9876543210, componentType=integral-item, componentName=Shifter, quantity=2) produced response ProcessResponse(requestId=7ebd8907-5256-4491-ae77-8bee612dabaa, processingCharge=500, packagingAndDeliveryCharge=300, dateOfDelivery=2022-06-23)
2022-06-18 16:30:19.977 ERROR 101992 --- [main] d.r.c.s.ComponentProcessingService       : ComponentProcessingService processDetail(ProcessRequest processRequest) : Packaging and Delivery microservice failed with status : 400 BAD_REQUEST
2022-06-18 16:30:19.980 ERROR 101992 --- [main] d.r.c.s.ComponentProcessingService       : ComponentProcessingService processDetail(ProcessRequest processRequest) : Packaging and Delivery microservice failed with message : ComponentProcessingService processDetail(ProcessRequest processRequest) : Packaging and Delivery microservice failed with status : 400 BAD_REQUEST
2022-06-18 16:30:20.025 ERROR 101992 --- [main] d.r.c.s.ComponentProcessingService       : ComponentProcessingService processDetail(ProcessRequest processRequest) : Packaging and Delivery microservice failed with message : null
2022-06-18 16:30:20.254  INFO 101992 --- [main] d.r.c.controller.PaymentController       : PaymentController completeProcessing (String requestId, Long creditCardNumber, Integer creditLimit, Integer processingCharge) : Payment request with requestId abcd, creditCardNumber 9969141606579432, creditLimit 40000, processingCharge 500 produced success
2022-06-18 16:30:20.585  INFO 101992 --- [main] .b.t.c.SpringBootTestContextBootstrapper : Neither @ContextConfiguration nor @ContextHierarchy found for test class [dev.ritam.component_processing.util.ComponentProcessingDefaultValuesTest], using SpringBootContextLoader
2022-06-18 16:30:20.594  INFO 101992 --- [main] o.s.t.c.support.AbstractContextLoader    : Could not detect default resource locations for test class [dev.ritam.component_processing.util.ComponentProcessingDefaultValuesTest]: no resource found for suffixes {-context.xml, Context.groovy}.
2022-06-18 16:30:20.611  INFO 101992 --- [main] t.c.s.AnnotationConfigContextLoaderUtils : Could not detect default configuration classes for test class [dev.ritam.component_processing.util.ComponentProcessingDefaultValuesTest]: ComponentProcessingDefaultValuesTest does not declare any static, non-private, non-final, nested classes annotated with @Configuration.
2022-06-18 16:30:20.670  INFO 101992 --- [main] .b.t.c.SpringBootTestContextBootstrapper : Found @SpringBootConfiguration dev.ritam.component_processing.ComponentProcessingApplication for test class dev.ritam.component_processing.util.ComponentProcessingDefaultValuesTest
2022-06-18 16:30:20.681  INFO 101992 --- [main] .b.t.c.SpringBootTestContextBootstrapper : Loaded default TestExecutionListener class names from location [META-INF/spring.factories]: [org.springframework.boot.test.mock.mockito.MockitoTestExecutionListener, org.springframework.boot.test.mock.mockito.ResetMocksTestExecutionListener, org.springframework.boot.test.autoconfigure.restdocs.RestDocsTestExecutionListener, org.springframework.boot.test.autoconfigure.web.client.MockRestServiceServerResetTestExecutionListener, org.springframework.boot.test.autoconfigure.web.servlet.MockMvcPrintOnlyOnFailureTestExecutionListener, org.springframework.boot.test.autoconfigure.web.servlet.WebDriverTestExecutionListener, org.springframework.boot.test.autoconfigure.webservices.client.MockWebServiceServerTestExecutionListener, org.springframework.test.context.web.ServletTestExecutionListener, org.springframework.test.context.support.DirtiesContextBeforeModesTestExecutionListener, org.springframework.test.context.event.ApplicationEventsTestExecutionListener, org.springframework.test.context.support.DependencyInjectionTestExecutionListener, org.springframework.test.context.support.DirtiesContextTestExecutionListener, org.springframework.test.context.transaction.TransactionalTestExecutionListener, org.springframework.test.context.jdbc.SqlScriptsTestExecutionListener, org.springframework.test.context.event.EventPublishingTestExecutionListener]
2022-06-18 16:30:20.689  INFO 101992 --- [main] .b.t.c.SpringBootTestContextBootstrapper : Using TestExecutionListeners: [org.springframework.test.context.web.ServletTestExecutionListener@3e7e4c58, org.springframework.test.context.support.DirtiesContextBeforeModesTestExecutionListener@46e2ef94, org.springframework.test.context.event.ApplicationEventsTestExecutionListener@4560c368, org.springframework.boot.test.mock.mockito.MockitoTestExecutionListener@790532fc, org.springframework.boot.test.autoconfigure.SpringBootDependencyInjectionTestExecutionListener@3555ad08, org.springframework.test.context.support.DirtiesContextTestExecutionListener@641a7a79, org.springframework.test.context.transaction.TransactionalTestExecutionListener@27a29e11, org.springframework.test.context.jdbc.SqlScriptsTestExecutionListener@7760dacb, org.springframework.test.context.event.EventPublishingTestExecutionListener@6fc504c2, org.springframework.boot.test.mock.mockito.ResetMocksTestExecutionListener@583b62f1, org.springframework.boot.test.autoconfigure.restdocs.RestDocsTestExecutionListener@6b5a3df1, org.springframework.boot.test.autoconfigure.web.client.MockRestServiceServerResetTestExecutionListener@1a9d14d3, org.springframework.boot.test.autoconfigure.web.servlet.MockMvcPrintOnlyOnFailureTestExecutionListener@5db9f056, org.springframework.boot.test.autoconfigure.web.servlet.WebDriverTestExecutionListener@5e963dfa, org.springframework.boot.test.autoconfigure.webservices.client.MockWebServiceServerTestExecutionListener@6419366c]
2022-06-18 16:30:20.883  INFO 101992 --- [main] .b.t.c.SpringBootTestContextBootstrapper : Neither @ContextConfiguration nor @ContextHierarchy found for test class [dev.ritam.component_processing.client.PackagingAndDeliveryClientTest], using SpringBootContextLoader
2022-06-18 16:30:20.899  INFO 101992 --- [main] o.s.t.c.support.AbstractContextLoader    : Could not detect default resource locations for test class [dev.ritam.component_processing.client.PackagingAndDeliveryClientTest]: no resource found for suffixes {-context.xml, Context.groovy}.
2022-06-18 16:30:20.902  INFO 101992 --- [main] t.c.s.AnnotationConfigContextLoaderUtils : Could not detect default configuration classes for test class [dev.ritam.component_processing.client.PackagingAndDeliveryClientTest]: PackagingAndDeliveryClientTest does not declare any static, non-private, non-final, nested classes annotated with @Configuration.
2022-06-18 16:30:20.931  INFO 101992 --- [main] .b.t.c.SpringBootTestContextBootstrapper : Found @SpringBootConfiguration dev.ritam.component_processing.ComponentProcessingApplication for test class dev.ritam.component_processing.client.PackagingAndDeliveryClientTest
2022-06-18 16:30:20.938  INFO 101992 --- [main] .b.t.c.SpringBootTestContextBootstrapper : Loaded default TestExecutionListener class names from location [META-INF/spring.factories]: [org.springframework.boot.test.mock.mockito.MockitoTestExecutionListener, org.springframework.boot.test.mock.mockito.ResetMocksTestExecutionListener, org.springframework.boot.test.autoconfigure.restdocs.RestDocsTestExecutionListener, org.springframework.boot.test.autoconfigure.web.client.MockRestServiceServerResetTestExecutionListener, org.springframework.boot.test.autoconfigure.web.servlet.MockMvcPrintOnlyOnFailureTestExecutionListener, org.springframework.boot.test.autoconfigure.web.servlet.WebDriverTestExecutionListener, org.springframework.boot.test.autoconfigure.webservices.client.MockWebServiceServerTestExecutionListener, org.springframework.test.context.web.ServletTestExecutionListener, org.springframework.test.context.support.DirtiesContextBeforeModesTestExecutionListener, org.springframework.test.context.event.ApplicationEventsTestExecutionListener, org.springframework.test.context.support.DependencyInjectionTestExecutionListener, org.springframework.test.context.support.DirtiesContextTestExecutionListener, org.springframework.test.context.transaction.TransactionalTestExecutionListener, org.springframework.test.context.jdbc.SqlScriptsTestExecutionListener, org.springframework.test.context.event.EventPublishingTestExecutionListener]
2022-06-18 16:30:20.948  INFO 101992 --- [main] .b.t.c.SpringBootTestContextBootstrapper : Using TestExecutionListeners: [org.springframework.test.context.web.ServletTestExecutionListener@dc9aba2, org.springframework.test.context.support.DirtiesContextBeforeModesTestExecutionListener@64298269, org.springframework.test.context.event.ApplicationEventsTestExecutionListener@483e503a, org.springframework.boot.test.mock.mockito.MockitoTestExecutionListener@31de7e6e, org.springframework.boot.test.autoconfigure.SpringBootDependencyInjectionTestExecutionListener@718a574c, org.springframework.test.context.support.DirtiesContextTestExecutionListener@5918b9de, org.springframework.test.context.transaction.TransactionalTestExecutionListener@631d8d47, org.springframework.test.context.jdbc.SqlScriptsTestExecutionListener@21f2b244, org.springframework.test.context.event.EventPublishingTestExecutionListener@261b101, org.springframework.boot.test.mock.mockito.ResetMocksTestExecutionListener@1e2b3eda, org.springframework.boot.test.autoconfigure.restdocs.RestDocsTestExecutionListener@1153ffed, org.springframework.boot.test.autoconfigure.web.client.MockRestServiceServerResetTestExecutionListener@25870f11, org.springframework.boot.test.autoconfigure.web.servlet.MockMvcPrintOnlyOnFailureTestExecutionListener@2ae14b19, org.springframework.boot.test.autoconfigure.web.servlet.WebDriverTestExecutionListener@6d7b7d71, org.springframework.boot.test.autoconfigure.webservices.client.MockWebServiceServerTestExecutionListener@63594ba4]
2022-06-18 16:30:21.037 DEBUG 101992 --- [SpringApplicationShutdownHook] o.s.w.c.s.GenericWebApplicationContext   : Closing org.springframework.web.context.support.GenericWebApplicationContext@6ab80ea, started on Sat Jun 18 16:29:15 IST 2022, parent: org.springframework.context.annotation.AnnotationConfigApplicationContext@66d766b9
2022-06-18 16:30:21.059  INFO 101992 --- [SpringApplicationShutdownHook] o.s.c.n.e.s.EurekaServiceRegistry        : Unregistering application COMPONENT-PROCESSING with eureka with status DOWN
2022-06-18 16:30:21.080  INFO 101992 --- [SpringApplicationShutdownHook] com.netflix.discovery.DiscoveryClient    : Saw local status change event StatusChangeEvent [timestamp=1655550021080, current=DOWN, previous=UP]
2022-06-18 16:30:21.080  INFO 101992 --- [DiscoveryClient-InstanceInfoReplicator-0] com.netflix.discovery.DiscoveryClient    : DiscoveryClient_COMPONENT-PROCESSING/192.168.0.100:component-processing:8081: registering service...
2022-06-18 16:30:21.081 DEBUG 101992 --- [DiscoveryClient-InstanceInfoReplicator-0] o.s.web.client.RestTemplate              : HTTP POST http://localhost:8761/eureka/apps/COMPONENT-PROCESSING
2022-06-18 16:30:21.082 DEBUG 101992 --- [DiscoveryClient-InstanceInfoReplicator-0] o.s.web.client.RestTemplate              : Accept=[application/json, application/*+json]
2022-06-18 16:30:21.086 DEBUG 101992 --- [DiscoveryClient-InstanceInfoReplicator-0] o.s.web.client.RestTemplate              : Writing [InstanceInfo [instanceId = 192.168.0.100:component-processing:8081, appName = COMPONENT-PROCESSING, hostName = 192.168.0.100, status = DOWN, ipAddr = 192.168.0.100, port = 8081, securePort = 443, dataCenterInfo = com.netflix.appinfo.MyDataCenterInfo@12a8ee9c] as "application/json"
2022-06-18 16:30:21.145 DEBUG 101992 --- [DiscoveryClient-InstanceInfoReplicator-0] o.s.web.client.RestTemplate              : Response 204 NO_CONTENT
2022-06-18 16:30:21.148  INFO 101992 --- [DiscoveryClient-InstanceInfoReplicator-0] com.netflix.discovery.DiscoveryClient    : DiscoveryClient_COMPONENT-PROCESSING/192.168.0.100:component-processing:8081 - registration status: 204
2022-06-18 16:30:21.246  INFO 101992 --- [SpringApplicationShutdownHook] j.LocalContainerEntityManagerFactoryBean : Closing JPA EntityManagerFactory for persistence unit 'default'
2022-06-18 16:30:21.713  INFO 101992 --- [SpringApplicationShutdownHook] com.zaxxer.hikari.HikariDataSource       : HikariPool-1 - Shutdown initiated...
2022-06-18 16:30:21.742  INFO 101992 --- [SpringApplicationShutdownHook] com.zaxxer.hikari.HikariDataSource       : HikariPool-1 - Shutdown completed.
2022-06-18 16:30:21.747  INFO 101992 --- [SpringApplicationShutdownHook] com.netflix.discovery.DiscoveryClient    : Shutting down DiscoveryClient ...
2022-06-18 16:30:22.598  INFO 101993 --- [SpringApplicationShutdownHook] com.netflix.discovery.DiscoveryClient    : Unregistering ...
2022-06-18 16:30:22.604 DEBUG 101993 --- [SpringApplicationShutdownHook] o.s.web.client.RestTemplate              : HTTP DELETE http://localhost:8761/eureka/apps/COMPONENT-PROCESSING/192.168.0.100:component-processing:8081
2022-06-18 16:30:22.614 DEBUG 101993 --- [SpringApplicationShutdownHook] o.s.web.client.RestTemplate              : Accept=[application/json, application/*+json]
2022-06-18 16:30:22.642 DEBUG 101993 --- [SpringApplicationShutdownHook] o.s.web.client.RestTemplate              : Response 200 OK
2022-06-18 16:30:22.646  INFO 101993 --- [SpringApplicationShutdownHook] com.netflix.discovery.DiscoveryClient    : DiscoveryClient_COMPONENT-PROCESSING/192.168.0.100:component-processing:8081 - deregister  status: 200
2022-06-18 16:30:22.711  INFO 101993 --- [SpringApplicationShutdownHook] com.netflix.discovery.DiscoveryClient    : Completed shut down of DiscoveryClient
2022-06-18 16:30:24.765  INFO 101992 --- [SpringApplicationShutdownHook] com.netflix.discovery.DiscoveryClient    : Unregistering ...
2022-06-18 16:30:24.774 DEBUG 101992 --- [SpringApplicationShutdownHook] o.s.web.client.RestTemplate              : HTTP DELETE http://localhost:8761/eureka/apps/COMPONENT-PROCESSING/192.168.0.100:component-processing:8081
2022-06-18 16:30:24.779 DEBUG 101992 --- [SpringApplicationShutdownHook] o.s.web.client.RestTemplate              : Accept=[application/json, application/*+json]
2022-06-18 16:30:24.813 DEBUG 101992 --- [SpringApplicationShutdownHook] o.s.web.client.RestTemplate              : Response 404 NOT_FOUND
2022-06-18 16:30:24.814  INFO 101992 --- [SpringApplicationShutdownHook] com.netflix.discovery.DiscoveryClient    : DiscoveryClient_COMPONENT-PROCESSING/192.168.0.100:component-processing:8081 - deregister  status: 404
2022-06-18 16:30:24.866  INFO 101992 --- [SpringApplicationShutdownHook] com.netflix.discovery.DiscoveryClient    : Completed shut down of DiscoveryClient
